[12:48:54] [main/INFO] (FabricLoader/GameProvider) Loading Minecraft 1.19 with Fabric Loader 0.14.8
[12:48:54] [main/DEBUG] (FabricLoader/GamePatch) Found game constructor: net.minecraft.client.main.Main -> net.minecraft.client.MinecraftClient
[12:48:54] [main/DEBUG] (FabricLoader/GamePatch) Patching game constructor <init>(Lnet/minecraft/client/RunArgs;)V
[12:48:54] [main/DEBUG] (FabricLoader/GamePatch) Run directory field is thought to be net/minecraft/client/MinecraftClient/runDirectory
[12:48:54] [main/DEBUG] (FabricLoader/GamePatch) Applying brand name hook to net/minecraft/client/ClientBrandRetriever::getClientModName
[12:48:54] [main/DEBUG] (FabricLoader/GamePatch) Applying brand name hook to net/minecraft/server/MinecraftServer::getServerModName
[12:48:54] [main/DEBUG] (FabricLoader/GamePatch) Patched 3 classs
[12:48:54] [ForkJoinPool-1-worker-1/WARN] (FabricLoader/Metadata) Mod tvstudio uses the version SNAPSHOT-22w29a-1.19 which isn't compatible with Loader's extended semantic version format (Could not parse version number component 'SNAPSHOT'!), SemVer is recommended for reliably evaluating dependencies and prioritizing newer version
[12:48:54] [main/DEBUG] (FabricLoader/Discovery) Mod discovery time: 111,6 ms
[12:48:54] [main/DEBUG] (FabricLoader/Resolution) Mod resolution time: 218,1 ms
[12:48:54] [main/INFO] (FabricLoader) Loading 43 mods:
	- fabric 0.56.3+1.19
	- fabric-api-base 0.4.9+e62f51a3a9
	- fabric-api-lookup-api-v1 1.6.7+9ff28f40a9
	- fabric-biome-api-v1 9.0.14+b2a4a624a9
	- fabric-blockrenderlayer-v1 1.1.18+9ff28f40a9
	- fabric-command-api-v2 2.1.2+0d55f585a9
	- fabric-content-registries-v0 3.1.1+82552130a9
	- fabric-convention-tags-v1 1.0.8+37622d24a9
	- fabric-crash-report-info-v1 0.2.3+bd0a0d4aa9
	- fabric-data-generation-api-v1 5.1.1+a680b9b4a9
	- fabric-dimensions-v1 2.1.27+72da3b3da9
	- fabric-entity-events-v1 1.4.16+9ff28f40a9
	- fabric-events-interaction-v0 0.4.26+9ff28f40a9
	- fabric-game-rule-api-v1 1.0.19+18990361a9
	- fabric-gametest-api-v1 1.0.31+e62f51a3a9
	- fabric-item-api-v1 1.5.4+767db26ea9
	- fabric-item-groups-v0 0.3.24+9ff28f40a9
	- fabric-key-binding-api-v1 1.0.18+9ff28f40a9
	- fabric-lifecycle-events-v1 2.1.0+33fbc738a9
	- fabric-loot-api-v2 1.0.2+9e7660c6a9
	- fabric-message-api-v1 1.0.1+513f4a59a9
	- fabric-mining-level-api-v1 2.1.9+33fbc738a9
	- fabric-models-v0 0.3.15+9ff28f40a9
	- fabric-networking-api-v1 1.0.27+7fe97409a9
	- fabric-object-builder-api-v1 4.0.6+9ff28f40a9
	- fabric-particles-v1 1.0.8+dc39553aa9
	- fabric-registry-sync-v0 0.9.17+23c4cfefa9
	- fabric-renderer-api-v1 1.0.8+9ff28f40a9
	- fabric-renderer-indigo 0.6.9+1f92344ea9
	- fabric-rendering-data-attachment-v1 0.3.12+9ff28f40a9
	- fabric-rendering-fluids-v1 3.0.5+9ff28f40a9
	- fabric-rendering-v1 1.10.14+9ff28f40a9
	- fabric-resource-conditions-api-v1 2.0.9+e62f51a3a9
	- fabric-resource-loader-v0 0.5.4+db8596f1a9
	- fabric-screen-api-v1 1.0.23+9ff28f40a9
	- fabric-screen-handler-api-v1 1.2.6+9ff28f40a9
	- fabric-textures-v0 1.0.18+9ff28f40a9
	- fabric-transfer-api-v1 2.0.9+e62f51a3a9
	- fabric-transitive-access-wideners-v1 1.1.1+9e7660c6a9
	- fabricloader 0.14.8
	- java 17
	- minecraft 1.19
	- tvstudio SNAPSHOT-22w29a-1.19
[12:48:54] [main/DEBUG] (FabricLoader/Knot) Adding /Users/joppebijlsma/IdeaProjects/TvStudioMod/.gradle/loom-cache/remapped_mods/net_fabricmc_yarn_1_19_1_19_build_4_v2/net/fabricmc/fabric-api/fabric-mining-level-api-v1/2.1.9+33fbc738a9/fabric-mining-level-api-v1-2.1.9+33fbc738a9.jar to classpath.
[12:48:54] [main/DEBUG] (FabricLoader/Knot) Adding /Users/joppebijlsma/IdeaProjects/TvStudioMod/.gradle/loom-cache/remapped_mods/net_fabricmc_yarn_1_19_1_19_build_4_v2/net/fabricmc/fabric-api/fabric-item-api-v1/1.5.4+767db26ea9/fabric-item-api-v1-1.5.4+767db26ea9.jar to classpath.
[12:48:54] [main/DEBUG] (FabricLoader/Knot) Adding /Users/joppebijlsma/IdeaProjects/TvStudioMod/.gradle/loom-cache/remapped_mods/net_fabricmc_yarn_1_19_1_19_build_4_v2/net/fabricmc/fabric-api/fabric-game-rule-api-v1/1.0.19+18990361a9/fabric-game-rule-api-v1-1.0.19+18990361a9.jar to classpath.
[12:48:54] [main/DEBUG] (FabricLoader/Knot) Adding /Users/joppebijlsma/IdeaProjects/TvStudioMod/.gradle/loom-cache/remapped_mods/net_fabricmc_yarn_1_19_1_19_build_4_v2/net/fabricmc/fabric-api/fabric-transitive-access-wideners-v1/1.1.1+9e7660c6a9/fabric-transitive-access-wideners-v1-1.1.1+9e7660c6a9.jar to classpath.
[12:48:55] [main/DEBUG] (FabricLoader/Knot) Adding /Users/joppebijlsma/IdeaProjects/TvStudioMod/.gradle/loom-cache/remapped_mods/net_fabricmc_yarn_1_19_1_19_build_4_v2/net/fabricmc/fabric-api/fabric-entity-events-v1/1.4.16+9ff28f40a9/fabric-entity-events-v1-1.4.16+9ff28f40a9.jar to classpath.
[12:48:55] [main/DEBUG] (FabricLoader/Knot) Adding /Users/joppebijlsma/IdeaProjects/TvStudioMod/.gradle/loom-cache/remapped_mods/net_fabricmc_yarn_1_19_1_19_build_4_v2/net/fabricmc/fabric-api/fabric-renderer-api-v1/1.0.8+9ff28f40a9/fabric-renderer-api-v1-1.0.8+9ff28f40a9.jar to classpath.
[12:48:55] [main/DEBUG] (FabricLoader/Knot) Adding /Users/joppebijlsma/IdeaProjects/TvStudioMod/.gradle/loom-cache/remapped_mods/net_fabricmc_yarn_1_19_1_19_build_4_v2/net/fabricmc/fabric-api/fabric-blockrenderlayer-v1/1.1.18+9ff28f40a9/fabric-blockrenderlayer-v1-1.1.18+9ff28f40a9.jar to classpath.
[12:48:55] [main/DEBUG] (FabricLoader/Knot) Adding /Users/joppebijlsma/IdeaProjects/TvStudioMod/.gradle/loom-cache/remapped_mods/net_fabricmc_yarn_1_19_1_19_build_4_v2/net/fabricmc/fabric-api/fabric-rendering-fluids-v1/3.0.5+9ff28f40a9/fabric-rendering-fluids-v1-3.0.5+9ff28f40a9.jar to classpath.
[12:48:55] [main/DEBUG] (FabricLoader/Knot) Adding /Users/joppebijlsma/IdeaProjects/TvStudioMod/.gradle/loom-cache/remapped_mods/net_fabricmc_yarn_1_19_1_19_build_4_v2/net/fabricmc/fabric-api/fabric-content-registries-v0/3.1.1+82552130a9/fabric-content-registries-v0-3.1.1+82552130a9.jar to classpath.
[12:48:55] [main/DEBUG] (FabricLoader/Knot) Adding /Users/joppebijlsma/IdeaProjects/TvStudioMod/.gradle/loom-cache/remapped_mods/net_fabricmc_yarn_1_19_1_19_build_4_v2/net/fabricmc/fabric-api/fabric-data-generation-api-v1/5.1.1+a680b9b4a9/fabric-data-generation-api-v1-5.1.1+a680b9b4a9.jar to classpath.
[12:48:55] [main/DEBUG] (FabricLoader/Knot) Adding /Users/joppebijlsma/IdeaProjects/TvStudioMod/.gradle/loom-cache/remapped_mods/net_fabricmc_yarn_1_19_1_19_build_4_v2/net/fabricmc/fabric-api/fabric-item-groups-v0/0.3.24+9ff28f40a9/fabric-item-groups-v0-0.3.24+9ff28f40a9.jar to classpath.
[12:48:55] [main/DEBUG] (FabricLoader/Knot) Adding /Users/joppebijlsma/IdeaProjects/TvStudioMod/.gradle/loom-cache/remapped_mods/net_fabricmc_yarn_1_19_1_19_build_4_v2/net/fabricmc/fabric-api/fabric-command-api-v2/2.1.2+0d55f585a9/fabric-command-api-v2-2.1.2+0d55f585a9.jar to classpath.
[12:48:55] [main/DEBUG] (FabricLoader/Knot) Adding /Users/joppebijlsma/IdeaProjects/TvStudioMod/.gradle/loom-cache/remapped_mods/net_fabricmc_yarn_1_19_1_19_build_4_v2/net/fabricmc/fabric-api/fabric-models-v0/0.3.15+9ff28f40a9/fabric-models-v0-0.3.15+9ff28f40a9.jar to classpath.
[12:48:55] [main/DEBUG] (FabricLoader/Knot) Adding /Users/joppebijlsma/IdeaProjects/TvStudioMod/.gradle/loom-cache/remapped_mods/net_fabricmc_yarn_1_19_1_19_build_4_v2/net/fabricmc/fabric-api/fabric-dimensions-v1/2.1.27+72da3b3da9/fabric-dimensions-v1-2.1.27+72da3b3da9.jar to classpath.
[12:48:55] [main/DEBUG] (FabricLoader/Knot) Adding /Users/joppebijlsma/IdeaProjects/TvStudioMod/build/resources/main to classpath.
[12:48:55] [main/DEBUG] (FabricLoader/Knot) Adding /Users/joppebijlsma/IdeaProjects/TvStudioMod/.gradle/loom-cache/remapped_mods/net_fabricmc_yarn_1_19_1_19_build_4_v2/net/fabricmc/fabric-api/fabric-transfer-api-v1/2.0.9+e62f51a3a9/fabric-transfer-api-v1-2.0.9+e62f51a3a9.jar to classpath.
[12:48:55] [main/DEBUG] (FabricLoader/Knot) Adding /Users/joppebijlsma/IdeaProjects/TvStudioMod/.gradle/loom-cache/remapped_mods/net_fabricmc_yarn_1_19_1_19_build_4_v2/net/fabricmc/fabric-api/fabric-key-binding-api-v1/1.0.18+9ff28f40a9/fabric-key-binding-api-v1-1.0.18+9ff28f40a9.jar to classpath.
[12:48:55] [main/DEBUG] (FabricLoader/Knot) Adding /Users/joppebijlsma/IdeaProjects/TvStudioMod/.gradle/loom-cache/remapped_mods/net_fabricmc_yarn_1_19_1_19_build_4_v2/net/fabricmc/fabric-api/fabric-gametest-api-v1/1.0.31+e62f51a3a9/fabric-gametest-api-v1-1.0.31+e62f51a3a9.jar to classpath.
[12:48:55] [main/DEBUG] (FabricLoader/Knot) Adding /Users/joppebijlsma/IdeaProjects/TvStudioMod/.gradle/loom-cache/remapped_mods/net_fabricmc_yarn_1_19_1_19_build_4_v2/net/fabricmc/fabric-api/fabric-api-lookup-api-v1/1.6.7+9ff28f40a9/fabric-api-lookup-api-v1-1.6.7+9ff28f40a9.jar to classpath.
[12:48:55] [main/DEBUG] (FabricLoader/Knot) Adding /Users/joppebijlsma/IdeaProjects/TvStudioMod/.gradle/loom-cache/remapped_mods/net_fabricmc_yarn_1_19_1_19_build_4_v2/net/fabricmc/fabric-api/fabric-registry-sync-v0/0.9.17+23c4cfefa9/fabric-registry-sync-v0-0.9.17+23c4cfefa9.jar to classpath.
[12:48:55] [main/DEBUG] (FabricLoader/Knot) Adding /Users/joppebijlsma/IdeaProjects/TvStudioMod/.gradle/loom-cache/remapped_mods/net_fabricmc_yarn_1_19_1_19_build_4_v2/net/fabricmc/fabric-api/fabric-networking-api-v1/1.0.27+7fe97409a9/fabric-networking-api-v1-1.0.27+7fe97409a9.jar to classpath.
[12:48:55] [main/DEBUG] (FabricLoader/Knot) Adding /Users/joppebijlsma/IdeaProjects/TvStudioMod/.gradle/loom-cache/remapped_mods/net_fabricmc_yarn_1_19_1_19_build_4_v2/net/fabricmc/fabric-api/fabric-lifecycle-events-v1/2.1.0+33fbc738a9/fabric-lifecycle-events-v1-2.1.0+33fbc738a9.jar to classpath.
[12:48:55] [main/DEBUG] (FabricLoader/Knot) Adding /Users/joppebijlsma/IdeaProjects/TvStudioMod/.gradle/loom-cache/remapped_mods/net_fabricmc_yarn_1_19_1_19_build_4_v2/net/fabricmc/fabric-api/fabric-api/0.56.3+1.19/fabric-api-0.56.3+1.19.jar to classpath.
[12:48:55] [main/DEBUG] (FabricLoader/Knot) Adding /Users/joppebijlsma/IdeaProjects/TvStudioMod/.gradle/loom-cache/remapped_mods/net_fabricmc_yarn_1_19_1_19_build_4_v2/net/fabricmc/fabric-api/fabric-object-builder-api-v1/4.0.6+9ff28f40a9/fabric-object-builder-api-v1-4.0.6+9ff28f40a9.jar to classpath.
[12:48:55] [main/DEBUG] (FabricLoader/Knot) Adding /Users/joppebijlsma/IdeaProjects/TvStudioMod/.gradle/loom-cache/remapped_mods/net_fabricmc_yarn_1_19_1_19_build_4_v2/net/fabricmc/fabric-api/fabric-screen-api-v1/1.0.23+9ff28f40a9/fabric-screen-api-v1-1.0.23+9ff28f40a9.jar to classpath.
[12:48:55] [main/DEBUG] (FabricLoader/Knot) Adding /Users/joppebijlsma/IdeaProjects/TvStudioMod/.gradle/loom-cache/remapped_mods/net_fabricmc_yarn_1_19_1_19_build_4_v2/net/fabricmc/fabric-api/fabric-screen-handler-api-v1/1.2.6+9ff28f40a9/fabric-screen-handler-api-v1-1.2.6+9ff28f40a9.jar to classpath.
[12:48:55] [main/DEBUG] (FabricLoader/Knot) Adding /Users/joppebijlsma/IdeaProjects/TvStudioMod/.gradle/loom-cache/remapped_mods/net_fabricmc_yarn_1_19_1_19_build_4_v2/net/fabricmc/fabric-api/fabric-loot-api-v2/1.0.2+9e7660c6a9/fabric-loot-api-v2-1.0.2+9e7660c6a9.jar to classpath.
[12:48:55] [main/DEBUG] (FabricLoader/Knot) Adding /Users/joppebijlsma/IdeaProjects/TvStudioMod/.gradle/loom-cache/remapped_mods/net_fabricmc_yarn_1_19_1_19_build_4_v2/net/fabricmc/fabric-api/fabric-events-interaction-v0/0.4.26+9ff28f40a9/fabric-events-interaction-v0-0.4.26+9ff28f40a9.jar to classpath.
[12:48:55] [main/DEBUG] (FabricLoader/Knot) Adding /Users/joppebijlsma/IdeaProjects/TvStudioMod/.gradle/loom-cache/remapped_mods/net_fabricmc_yarn_1_19_1_19_build_4_v2/net/fabricmc/fabric-api/fabric-message-api-v1/1.0.1+513f4a59a9/fabric-message-api-v1-1.0.1+513f4a59a9.jar to classpath.
[12:48:55] [main/DEBUG] (FabricLoader/Knot) Adding /Users/joppebijlsma/IdeaProjects/TvStudioMod/.gradle/loom-cache/remapped_mods/net_fabricmc_yarn_1_19_1_19_build_4_v2/net/fabricmc/fabric-api/fabric-resource-conditions-api-v1/2.0.9+e62f51a3a9/fabric-resource-conditions-api-v1-2.0.9+e62f51a3a9.jar to classpath.
[12:48:55] [main/DEBUG] (FabricLoader/Knot) Adding /Users/joppebijlsma/IdeaProjects/TvStudioMod/.gradle/loom-cache/remapped_mods/net_fabricmc_yarn_1_19_1_19_build_4_v2/net/fabricmc/fabric-api/fabric-renderer-indigo/0.6.9+1f92344ea9/fabric-renderer-indigo-0.6.9+1f92344ea9.jar to classpath.
[12:48:55] [main/DEBUG] (FabricLoader/Knot) Adding /Users/joppebijlsma/IdeaProjects/TvStudioMod/.gradle/loom-cache/remapped_mods/net_fabricmc_yarn_1_19_1_19_build_4_v2/net/fabricmc/fabric-api/fabric-biome-api-v1/9.0.14+b2a4a624a9/fabric-biome-api-v1-9.0.14+b2a4a624a9.jar to classpath.
[12:48:55] [main/DEBUG] (FabricLoader/Knot) Adding /Users/joppebijlsma/IdeaProjects/TvStudioMod/.gradle/loom-cache/remapped_mods/net_fabricmc_yarn_1_19_1_19_build_4_v2/net/fabricmc/fabric-api/fabric-api-base/0.4.9+e62f51a3a9/fabric-api-base-0.4.9+e62f51a3a9.jar to classpath.
[12:48:55] [main/DEBUG] (FabricLoader/Knot) Adding /Users/joppebijlsma/IdeaProjects/TvStudioMod/.gradle/loom-cache/remapped_mods/net_fabricmc_yarn_1_19_1_19_build_4_v2/net/fabricmc/fabric-api/fabric-rendering-data-attachment-v1/0.3.12+9ff28f40a9/fabric-rendering-data-attachment-v1-0.3.12+9ff28f40a9.jar to classpath.
[12:48:55] [main/DEBUG] (FabricLoader/Knot) Adding /Users/joppebijlsma/IdeaProjects/TvStudioMod/.gradle/loom-cache/remapped_mods/net_fabricmc_yarn_1_19_1_19_build_4_v2/net/fabricmc/fabric-api/fabric-rendering-v1/1.10.14+9ff28f40a9/fabric-rendering-v1-1.10.14+9ff28f40a9.jar to classpath.
[12:48:55] [main/DEBUG] (FabricLoader/Knot) Adding /Users/joppebijlsma/IdeaProjects/TvStudioMod/.gradle/loom-cache/remapped_mods/net_fabricmc_yarn_1_19_1_19_build_4_v2/net/fabricmc/fabric-api/fabric-textures-v0/1.0.18+9ff28f40a9/fabric-textures-v0-1.0.18+9ff28f40a9.jar to classpath.
[12:48:55] [main/DEBUG] (FabricLoader/Knot) Adding /Users/joppebijlsma/IdeaProjects/TvStudioMod/.gradle/loom-cache/remapped_mods/net_fabricmc_yarn_1_19_1_19_build_4_v2/net/fabricmc/fabric-api/fabric-particles-v1/1.0.8+dc39553aa9/fabric-particles-v1-1.0.8+dc39553aa9.jar to classpath.
[12:48:55] [main/DEBUG] (FabricLoader/Knot) Adding /Users/joppebijlsma/IdeaProjects/TvStudioMod/.gradle/loom-cache/remapped_mods/net_fabricmc_yarn_1_19_1_19_build_4_v2/net/fabricmc/fabric-api/fabric-convention-tags-v1/1.0.8+37622d24a9/fabric-convention-tags-v1-1.0.8+37622d24a9.jar to classpath.
[12:48:55] [main/DEBUG] (FabricLoader/Knot) Adding /Users/joppebijlsma/IdeaProjects/TvStudioMod/.gradle/loom-cache/remapped_mods/net_fabricmc_yarn_1_19_1_19_build_4_v2/net/fabricmc/fabric-api/fabric-resource-loader-v0/0.5.4+db8596f1a9/fabric-resource-loader-v0-0.5.4+db8596f1a9.jar to classpath.
[12:48:55] [main/DEBUG] (FabricLoader/Knot) Adding /Users/joppebijlsma/IdeaProjects/TvStudioMod/.gradle/loom-cache/remapped_mods/net_fabricmc_yarn_1_19_1_19_build_4_v2/net/fabricmc/fabric-api/fabric-crash-report-info-v1/0.2.3+bd0a0d4aa9/fabric-crash-report-info-v1-0.2.3+bd0a0d4aa9.jar to classpath.
[12:48:55] [main/DEBUG] (FabricLoader/Entrypoint) Registering new-style initializer io.github.joppebijlsma.tvstudio.TvStudio for mod tvstudio (key main)
[12:48:55] [main/DEBUG] (FabricLoader/Entrypoint) Registering new-style initializer net.fabricmc.fabric.impl.gametest.FabricGameTestModInitializer for mod fabric-gametest-api-v1 (key main)
[12:48:55] [main/DEBUG] (FabricLoader/Entrypoint) Registering new-style initializer net.fabricmc.fabric.impl.lookup.ApiLookupImpl for mod fabric-api-lookup-api-v1 (key main)
[12:48:55] [main/DEBUG] (FabricLoader/Entrypoint) Registering new-style initializer net.fabricmc.fabric.impl.registry.sync.FabricRegistryClientInit for mod fabric-registry-sync-v0 (key client)
[12:48:55] [main/DEBUG] (FabricLoader/Entrypoint) Registering new-style initializer net.fabricmc.fabric.impl.registry.sync.FabricRegistryInit for mod fabric-registry-sync-v0 (key main)
[12:48:55] [main/DEBUG] (FabricLoader/Entrypoint) Registering new-style initializer net.fabricmc.fabric.impl.networking.client.ClientNetworkingImpl::clientInit for mod fabric-networking-api-v1 (key client)
[12:48:55] [main/DEBUG] (FabricLoader/Entrypoint) Registering new-style initializer net.fabricmc.fabric.impl.networking.NetworkingImpl::init for mod fabric-networking-api-v1 (key main)
[12:48:55] [main/DEBUG] (FabricLoader/Entrypoint) Registering new-style initializer net.fabricmc.fabric.impl.event.lifecycle.ClientLifecycleEventsImpl for mod fabric-lifecycle-events-v1 (key client)
[12:48:55] [main/DEBUG] (FabricLoader/Entrypoint) Registering new-style initializer net.fabricmc.fabric.impl.event.lifecycle.LifecycleEventsImpl for mod fabric-lifecycle-events-v1 (key main)
[12:48:55] [main/DEBUG] (FabricLoader/Entrypoint) Registering new-style initializer net.fabricmc.fabric.impl.screenhandler.client.ClientNetworking for mod fabric-screen-handler-api-v1 (key client)
[12:48:55] [main/DEBUG] (FabricLoader/Entrypoint) Registering new-style initializer net.fabricmc.fabric.impl.event.interaction.InteractionEventsRouterClient for mod fabric-events-interaction-v0 (key client)
[12:48:55] [main/DEBUG] (FabricLoader/Entrypoint) Registering new-style initializer net.fabricmc.fabric.impl.event.interaction.InteractionEventsRouter for mod fabric-events-interaction-v0 (key main)
[12:48:55] [main/DEBUG] (FabricLoader/Entrypoint) Registering new-style initializer net.fabricmc.fabric.impl.client.indigo.Indigo for mod fabric-renderer-indigo (key client)
[12:48:55] [main/DEBUG] (FabricLoader/Mappings) Loading mappings took 774 ms
[12:48:56] [main/INFO] (FabricLoader/Mixin) SpongePowered MIXIN Subsystem Version=0.8.5 Source=file:/Users/joppebijlsma/.gradle/caches/modules-2/files-2.1/net.fabricmc/sponge-mixin/0.11.4+mixin.0.8.5/c1dc27696aa4006e492c2485c9ccbcb26045a971/sponge-mixin-0.11.4+mixin.0.8.5.jar Service=Knot/Fabric Env=CLIENT
[12:48:56] [main/DEBUG] (FabricLoader/Mixin) Error cleaning class output directory: .mixin.out
[12:48:56] [main/DEBUG] (FabricLoader/Mixin) Initialising Mixin Platform Manager
[12:48:56] [main/DEBUG] (FabricLoader/Mixin) Adding mixin platform agents for container ContainerHandleURI(file:///Users/joppebijlsma/IdeaProjects/TvStudioMod/.gradle/loom-cache/remapped_mods/net_fabricmc_yarn_1_19_1_19_build_4_v2/net/fabricmc/fabric-loader/0.14.8/fabric-loader-0.14.8.jar)
[12:48:56] [main/DEBUG] (FabricLoader/Mixin) Instancing new MixinPlatformAgentDefault for ContainerHandleURI(file:///Users/joppebijlsma/IdeaProjects/TvStudioMod/.gradle/loom-cache/remapped_mods/net_fabricmc_yarn_1_19_1_19_build_4_v2/net/fabricmc/fabric-loader/0.14.8/fabric-loader-0.14.8.jar)
[12:48:56] [main/DEBUG] (FabricLoader/Mixin) MixinPlatformAgentDefault accepted container ContainerHandleURI(file:///Users/joppebijlsma/IdeaProjects/TvStudioMod/.gradle/loom-cache/remapped_mods/net_fabricmc_yarn_1_19_1_19_build_4_v2/net/fabricmc/fabric-loader/0.14.8/fabric-loader-0.14.8.jar)
[12:48:56] [main/DEBUG] (FabricLoader/Mixin) Instancing new MixinPlatformAgentDefault for ContainerHandleURI(file:///Users/joppebijlsma/IdeaProjects/TvStudioMod/.gradle/loom-cache/remapped_mods/net_fabricmc_yarn_1_19_1_19_build_4_v2/net/fabricmc/fabric-loader/0.14.8/fabric-loader-0.14.8.jar)
[12:48:56] [main/DEBUG] (FabricLoader/Mixin) MixinPlatformAgentDefault accepted container ContainerHandleURI(file:///Users/joppebijlsma/IdeaProjects/TvStudioMod/.gradle/loom-cache/remapped_mods/net_fabricmc_yarn_1_19_1_19_build_4_v2/net/fabricmc/fabric-loader/0.14.8/fabric-loader-0.14.8.jar)
[12:48:56] [main/DEBUG] (FabricLoader/Mixin) Processing prepare() for PlatformAgent[MixinPlatformAgentDefault:ContainerHandleURI(file:///Users/joppebijlsma/IdeaProjects/TvStudioMod/.gradle/loom-cache/remapped_mods/net_fabricmc_yarn_1_19_1_19_build_4_v2/net/fabricmc/fabric-loader/0.14.8/fabric-loader-0.14.8.jar)]
[12:48:56] [main/DEBUG] (FabricLoader/Mixin) Processing prepare() for PlatformAgent[MixinPlatformAgentDefault:ContainerHandleURI(file:///Users/joppebijlsma/IdeaProjects/TvStudioMod/.gradle/loom-cache/remapped_mods/net_fabricmc_yarn_1_19_1_19_build_4_v2/net/fabricmc/fabric-loader/0.14.8/fabric-loader-0.14.8.jar)]
[12:48:56] [main/INFO] (FabricLoader/Mixin) Loaded Fabric development mappings for mixin remapper!
[12:48:56] [main/DEBUG] (FabricLoader/Mixin) Compatibility level JAVA_16 specified by fabric-mining-level-api-v1.mixins.json is higher than the maximum level supported by this version of mixin (JAVA_13).
[12:48:56] [main/INFO] (FabricLoader/Mixin) Compatibility level set to JAVA_16
[12:48:56] [main/DEBUG] (FabricLoader/Mixin) Mixin config fabric-mining-level-api-v1.mixins.json does not specify "minVersion" property
[12:48:56] [main/DEBUG] (FabricLoader/Mixin) Mixin config fabric-item-api-v1.mixins.json does not specify "minVersion" property
[12:48:56] [main/DEBUG] (FabricLoader/Mixin) Mixin config fabric-item-api-v1.client.mixins.json does not specify "minVersion" property
[12:48:56] [main/DEBUG] (FabricLoader/Mixin) Mixin config fabric-game-rule-api-v1.mixins.json does not specify "minVersion" property
[12:48:56] [main/DEBUG] (FabricLoader/Mixin) Mixin config fabric-game-rule-api-v1.client.mixins.json does not specify "minVersion" property
[12:48:56] [main/DEBUG] (FabricLoader/Mixin) Mixin config fabric-entity-events-v1.mixins.json does not specify "minVersion" property
[12:48:56] [main/DEBUG] (FabricLoader/Mixin) Mixin config fabric-entity-events-v1.client.mixins.json does not specify "minVersion" property
[12:48:56] [main/DEBUG] (FabricLoader/Mixin) Mixin config fabric-renderer-api-v1.mixins.json does not specify "minVersion" property
[12:48:56] [main/DEBUG] (FabricLoader/Mixin) Mixin config fabric-renderer-api-v1.debughud.mixins.json does not specify "minVersion" property
[12:48:56] [main/DEBUG] (FabricLoader/Mixin) Mixin config fabric-blockrenderlayer-v1.mixins.json does not specify "minVersion" property
[12:48:56] [main/DEBUG] (FabricLoader/Mixin) Mixin config fabric-rendering-fluids-v1.mixins.json does not specify "minVersion" property
[12:48:56] [main/DEBUG] (FabricLoader/Mixin) Mixin config fabric-content-registries-v0.mixins.json does not specify "minVersion" property
[12:48:56] [main/DEBUG] (FabricLoader/Mixin) Mixin config fabric-data-generation-api-v1.mixins.json does not specify "minVersion" property
[12:48:56] [main/DEBUG] (FabricLoader/Mixin) Mixin config fabric-data-generation-api-v1.client.mixins.json does not specify "minVersion" property
[12:48:56] [main/DEBUG] (FabricLoader/Mixin) Mixin config fabric-item-groups-v0.mixins.json does not specify "minVersion" property
[12:48:56] [main/DEBUG] (FabricLoader/Mixin) Mixin config fabric-item-groups-v0.client.mixins.json does not specify "minVersion" property
[12:48:56] [main/DEBUG] (FabricLoader/Mixin) Mixin config fabric-command-api-v2.mixins.json does not specify "minVersion" property
[12:48:56] [main/DEBUG] (FabricLoader/Mixin) Mixin config fabric-command-api-v2.client.mixins.json does not specify "minVersion" property
[12:48:56] [main/DEBUG] (FabricLoader/Mixin) Mixin config fabric-models-v0.mixins.json does not specify "minVersion" property
[12:48:56] [main/DEBUG] (FabricLoader/Mixin) Mixin config fabric-dimensions-v1.mixins.json does not specify "minVersion" property
[12:48:56] [main/DEBUG] (FabricLoader/Mixin) Compatibility level JAVA_17 specified by tvstudio.mixins.json is higher than the maximum level supported by this version of mixin (JAVA_13).
[12:48:56] [main/INFO] (FabricLoader/Mixin) Compatibility level set to JAVA_17
[12:48:56] [main/DEBUG] (FabricLoader/Mixin) Compatibility level JAVA_16 specified by fabric-transfer-api-v1.mixins.json is higher than the maximum level supported by this version of mixin (JAVA_13).
[12:48:56] [main/DEBUG] (FabricLoader/Mixin) Mixin config fabric-transfer-api-v1.mixins.json does not specify "minVersion" property
[12:48:56] [main/DEBUG] (FabricLoader/Mixin) Compatibility level JAVA_16 specified by fabric-key-binding-api-v1.mixins.json is higher than the maximum level supported by this version of mixin (JAVA_13).
[12:48:56] [main/DEBUG] (FabricLoader/Mixin) Mixin config fabric-key-binding-api-v1.mixins.json does not specify "minVersion" property
[12:48:56] [main/DEBUG] (FabricLoader/Mixin) Compatibility level JAVA_16 specified by fabric-gametest-api-v1.mixins.json is higher than the maximum level supported by this version of mixin (JAVA_13).
[12:48:56] [main/DEBUG] (FabricLoader/Mixin) Mixin config fabric-gametest-api-v1.mixins.json does not specify "minVersion" property
[12:48:56] [main/DEBUG] (FabricLoader/Mixin) Compatibility level JAVA_16 specified by fabric-api-lookup-api-v1.mixins.json is higher than the maximum level supported by this version of mixin (JAVA_13).
[12:48:56] [main/DEBUG] (FabricLoader/Mixin) Mixin config fabric-api-lookup-api-v1.mixins.json does not specify "minVersion" property
[12:48:56] [main/DEBUG] (FabricLoader/Mixin) Compatibility level JAVA_16 specified by fabric-registry-sync-v0.mixins.json is higher than the maximum level supported by this version of mixin (JAVA_13).
[12:48:56] [main/DEBUG] (FabricLoader/Mixin) Mixin config fabric-registry-sync-v0.mixins.json does not specify "minVersion" property
[12:48:56] [main/DEBUG] (FabricLoader/Mixin) Compatibility level JAVA_16 specified by fabric-registry-sync-v0.client.mixins.json is higher than the maximum level supported by this version of mixin (JAVA_13).
[12:48:56] [main/DEBUG] (FabricLoader/Mixin) Mixin config fabric-registry-sync-v0.client.mixins.json does not specify "minVersion" property
[12:48:56] [main/DEBUG] (FabricLoader/Mixin) Compatibility level JAVA_16 specified by fabric-networking-api-v1.mixins.json is higher than the maximum level supported by this version of mixin (JAVA_13).
[12:48:56] [main/DEBUG] (FabricLoader/Mixin) Mixin config fabric-networking-api-v1.mixins.json does not specify "minVersion" property
[12:48:56] [main/DEBUG] (FabricLoader/Mixin) Compatibility level JAVA_16 specified by fabric-networking-api-v1.client.mixins.json is higher than the maximum level supported by this version of mixin (JAVA_13).
[12:48:56] [main/DEBUG] (FabricLoader/Mixin) Mixin config fabric-networking-api-v1.client.mixins.json does not specify "minVersion" property
[12:48:56] [main/DEBUG] (FabricLoader/Mixin) Compatibility level JAVA_16 specified by fabric-lifecycle-events-v1.mixins.json is higher than the maximum level supported by this version of mixin (JAVA_13).
[12:48:56] [main/DEBUG] (FabricLoader/Mixin) Mixin config fabric-lifecycle-events-v1.mixins.json does not specify "minVersion" property
[12:48:56] [main/DEBUG] (FabricLoader/Mixin) Compatibility level JAVA_16 specified by fabric-lifecycle-events-v1.client.mixins.json is higher than the maximum level supported by this version of mixin (JAVA_13).
[12:48:56] [main/DEBUG] (FabricLoader/Mixin) Mixin config fabric-lifecycle-events-v1.client.mixins.json does not specify "minVersion" property
[12:48:56] [main/DEBUG] (FabricLoader/Mixin) Compatibility level JAVA_16 specified by fabric-object-builder-v1.mixins.json is higher than the maximum level supported by this version of mixin (JAVA_13).
[12:48:56] [main/DEBUG] (FabricLoader/Mixin) Mixin config fabric-object-builder-v1.mixins.json does not specify "minVersion" property
[12:48:56] [main/DEBUG] (FabricLoader/Mixin) Compatibility level JAVA_16 specified by fabric-object-builder-v1.client.mixins.json is higher than the maximum level supported by this version of mixin (JAVA_13).
[12:48:56] [main/DEBUG] (FabricLoader/Mixin) Mixin config fabric-object-builder-v1.client.mixins.json does not specify "minVersion" property
[12:48:56] [main/DEBUG] (FabricLoader/Mixin) Compatibility level JAVA_16 specified by fabric-screen-api-v1.mixins.json is higher than the maximum level supported by this version of mixin (JAVA_13).
[12:48:56] [main/DEBUG] (FabricLoader/Mixin) Mixin config fabric-screen-api-v1.mixins.json does not specify "minVersion" property
[12:48:56] [main/DEBUG] (FabricLoader/Mixin) Compatibility level JAVA_16 specified by fabric-screen-handler-api-v1.mixins.json is higher than the maximum level supported by this version of mixin (JAVA_13).
[12:48:56] [main/DEBUG] (FabricLoader/Mixin) Mixin config fabric-screen-handler-api-v1.mixins.json does not specify "minVersion" property
[12:48:56] [main/DEBUG] (FabricLoader/Mixin) Mixin config fabric-loot-api-v2.mixins.json does not specify "minVersion" property
[12:48:56] [main/DEBUG] (FabricLoader/Mixin) Compatibility level JAVA_16 specified by fabric-events-interaction-v0.mixins.json is higher than the maximum level supported by this version of mixin (JAVA_13).
[12:48:56] [main/DEBUG] (FabricLoader/Mixin) Mixin config fabric-events-interaction-v0.mixins.json does not specify "minVersion" property
[12:48:56] [main/DEBUG] (FabricLoader/Mixin) Compatibility level JAVA_16 specified by fabric-events-interaction-v0.client.mixins.json is higher than the maximum level supported by this version of mixin (JAVA_13).
[12:48:56] [main/DEBUG] (FabricLoader/Mixin) Mixin config fabric-events-interaction-v0.client.mixins.json does not specify "minVersion" property
[12:48:56] [main/DEBUG] (FabricLoader/Mixin) Compatibility level JAVA_16 specified by fabric-message-api-v1.mixins.json is higher than the maximum level supported by this version of mixin (JAVA_13).
[12:48:56] [main/DEBUG] (FabricLoader/Mixin) Mixin config fabric-message-api-v1.mixins.json does not specify "minVersion" property
[12:48:56] [main/DEBUG] (FabricLoader/Mixin) Compatibility level JAVA_16 specified by fabric-resource-conditions-api-v1.mixins.json is higher than the maximum level supported by this version of mixin (JAVA_13).
[12:48:56] [main/DEBUG] (FabricLoader/Mixin) Mixin config fabric-resource-conditions-api-v1.mixins.json does not specify "minVersion" property
[12:48:56] [main/DEBUG] (FabricLoader/Mixin) Compatibility level JAVA_16 specified by fabric-renderer-indigo.mixins.json is higher than the maximum level supported by this version of mixin (JAVA_13).
[12:48:56] [main/DEBUG] (FabricLoader/Mixin) Mixin config fabric-renderer-indigo.mixins.json does not specify "minVersion" property
[12:48:56] [main/DEBUG] (FabricLoader/Mixin) Compatibility level JAVA_16 specified by fabric-biome-api-v1.mixins.json is higher than the maximum level supported by this version of mixin (JAVA_13).
[12:48:56] [main/DEBUG] (FabricLoader/Mixin) Mixin config fabric-biome-api-v1.mixins.json does not specify "minVersion" property
[12:48:56] [main/DEBUG] (FabricLoader/Mixin) Compatibility level JAVA_16 specified by fabric-rendering-data-attachment-v1.mixins.json is higher than the maximum level supported by this version of mixin (JAVA_13).
[12:48:56] [main/DEBUG] (FabricLoader/Mixin) Mixin config fabric-rendering-data-attachment-v1.mixins.json does not specify "minVersion" property
[12:48:56] [main/DEBUG] (FabricLoader/Mixin) Compatibility level JAVA_16 specified by fabric-rendering-data-attachment-v1.client.mixins.json is higher than the maximum level supported by this version of mixin (JAVA_13).
[12:48:56] [main/DEBUG] (FabricLoader/Mixin) Mixin config fabric-rendering-data-attachment-v1.client.mixins.json does not specify "minVersion" property
[12:48:56] [main/DEBUG] (FabricLoader/Mixin) Compatibility level JAVA_16 specified by fabric-rendering-v1.mixins.json is higher than the maximum level supported by this version of mixin (JAVA_13).
[12:48:56] [main/DEBUG] (FabricLoader/Mixin) Mixin config fabric-rendering-v1.mixins.json does not specify "minVersion" property
[12:48:56] [main/DEBUG] (FabricLoader/Mixin) Compatibility level JAVA_16 specified by fabric-textures-v0.mixins.json is higher than the maximum level supported by this version of mixin (JAVA_13).
[12:48:56] [main/DEBUG] (FabricLoader/Mixin) Mixin config fabric-textures-v0.mixins.json does not specify "minVersion" property
[12:48:56] [main/DEBUG] (FabricLoader/Mixin) Compatibility level JAVA_16 specified by fabric-particles-v1.client.mixins.json is higher than the maximum level supported by this version of mixin (JAVA_13).
[12:48:56] [main/DEBUG] (FabricLoader/Mixin) Mixin config fabric-particles-v1.client.mixins.json does not specify "minVersion" property
[12:48:56] [main/DEBUG] (FabricLoader/Mixin) Compatibility level JAVA_16 specified by fabric-resource-loader-v0.mixins.json is higher than the maximum level supported by this version of mixin (JAVA_13).
[12:48:56] [main/DEBUG] (FabricLoader/Mixin) Mixin config fabric-resource-loader-v0.mixins.json does not specify "minVersion" property
[12:48:56] [main/DEBUG] (FabricLoader/Mixin) Compatibility level JAVA_16 specified by fabric-resource-loader-v0.client.mixins.json is higher than the maximum level supported by this version of mixin (JAVA_13).
[12:48:56] [main/DEBUG] (FabricLoader/Mixin) Mixin config fabric-resource-loader-v0.client.mixins.json does not specify "minVersion" property
[12:48:56] [main/DEBUG] (FabricLoader/Mixin) Compatibility level JAVA_16 specified by fabric-crash-report-info-v1.mixins.json is higher than the maximum level supported by this version of mixin (JAVA_13).
[12:48:56] [main/DEBUG] (FabricLoader/Mixin) Mixin config fabric-crash-report-info-v1.mixins.json does not specify "minVersion" property
[12:48:56] [main/DEBUG] (FabricLoader/Knot) Adding /Users/joppebijlsma/IdeaProjects/TvStudioMod/.gradle/loom-cache/1.19/net.fabricmc.yarn.1_19.1.19+build.4-v2/minecraft-project-@-merged-named.jar to classpath.
[12:48:56] [main/DEBUG] (FabricLoader/Knot) Adding /Users/joppebijlsma/IdeaProjects/TvStudioMod/build/classes/java/main to classpath.
[12:48:56] [main/DEBUG] (FabricLoader/Knot) Adding /Users/joppebijlsma/IdeaProjects/TvStudioMod/build/resources/main to classpath.
[12:48:56] [main/DEBUG] (FabricLoader/Knot) Adding /Users/joppebijlsma/.gradle/caches/modules-2/files-2.1/com.mojang/blocklist/1.0.10/5c685c5ffa94c4cd39496c7184c1d122e515ecef/blocklist-1.0.10.jar to classpath.
[12:48:56] [main/DEBUG] (FabricLoader/Knot) Adding /Users/joppebijlsma/.gradle/caches/modules-2/files-2.1/com.mojang/patchy/2.2.10/da05971b07cbb379d002cf7eaec6a2048211fefc/patchy-2.2.10.jar to classpath.
[12:48:56] [main/DEBUG] (FabricLoader/Knot) Adding /Users/joppebijlsma/.gradle/caches/modules-2/files-2.1/com.ibm.icu/icu4j/70.1/dfa3a1fbc55bf5db8c6e79fc0935ac7ab1202950/icu4j-70.1.jar to classpath.
[12:48:56] [main/DEBUG] (FabricLoader/Knot) Adding /Users/joppebijlsma/.gradle/caches/modules-2/files-2.1/io.netty/netty-handler/4.1.77.Final/47a81089de03635a27f509f3e4e13386ae1db275/netty-handler-4.1.77.Final.jar to classpath.
[12:48:56] [main/DEBUG] (FabricLoader/Knot) Adding /Users/joppebijlsma/.gradle/caches/modules-2/files-2.1/io.netty/netty-codec/4.1.77.Final/4efc5f59335301d6ba0d7cd31dd10651119b03c8/netty-codec-4.1.77.Final.jar to classpath.
[12:48:56] [main/DEBUG] (FabricLoader/Knot) Adding /Users/joppebijlsma/.gradle/caches/modules-2/files-2.1/io.netty/netty-transport-classes-epoll/4.1.77.Final/dd70dbccbcf98382223a59044f3c08d8e9920cad/netty-transport-classes-epoll-4.1.77.Final.jar to classpath.
[12:48:56] [main/DEBUG] (FabricLoader/Knot) Adding /Users/joppebijlsma/.gradle/caches/modules-2/files-2.1/io.netty/netty-transport-native-unix-common/4.1.77.Final/c95d53486414b3270d08057957c5da8e0c37e4eb/netty-transport-native-unix-common-4.1.77.Final.jar to classpath.
[12:48:56] [main/DEBUG] (FabricLoader/Knot) Adding /Users/joppebijlsma/.gradle/caches/modules-2/files-2.1/io.netty/netty-transport/4.1.77.Final/2a3373bbd20d520c821f210bd5ee886788512043/netty-transport-4.1.77.Final.jar to classpath.
[12:48:57] [main/DEBUG] (FabricLoader/Knot) Adding /Users/joppebijlsma/.gradle/caches/modules-2/files-2.1/io.netty/netty-buffer/4.1.77.Final/d97571f99e5e739d86824d0df99f35d295276b5f/netty-buffer-4.1.77.Final.jar to classpath.
[12:48:57] [main/DEBUG] (FabricLoader/Knot) Adding /Users/joppebijlsma/.gradle/caches/modules-2/files-2.1/io.netty/netty-resolver/4.1.77.Final/4a239dbf8d8bb5f98aa51462c35011c0516395fd/netty-resolver-4.1.77.Final.jar to classpath.
[12:48:57] [main/DEBUG] (FabricLoader/Knot) Adding /Users/joppebijlsma/.gradle/caches/modules-2/files-2.1/io.netty/netty-common/4.1.77.Final/ea0fc20f4e6178966b9d62017b7fcb83dfe0e713/netty-common-4.1.77.Final.jar to classpath.
[12:48:57] [main/DEBUG] (FabricLoader/Knot) Adding /Users/joppebijlsma/.gradle/caches/modules-2/files-2.1/org.apache.httpcomponents/httpclient/4.5.13/e5f6cae5ca7ecaac1ec2827a9e2d65ae2869cada/httpclient-4.5.13.jar to classpath.
[12:48:57] [main/DEBUG] (FabricLoader/Knot) Adding /Users/joppebijlsma/.gradle/caches/modules-2/files-2.1/commons-codec/commons-codec/1.15/49d94806b6e3dc933dacbd8acb0fdbab8ebd1e5d/commons-codec-1.15.jar to classpath.
[12:48:57] [main/DEBUG] (FabricLoader/Knot) Adding /Users/joppebijlsma/.gradle/caches/modules-2/files-2.1/org.apache.commons/commons-compress/1.21/4ec95b60d4e86b5c95a0e919cb172a0af98011ef/commons-compress-1.21.jar to classpath.
[12:48:57] [main/DEBUG] (FabricLoader/Knot) Adding /Users/joppebijlsma/.gradle/caches/modules-2/files-2.1/commons-logging/commons-logging/1.2/4bfc12adfe4842bf07b657f0369c4cb522955686/commons-logging-1.2.jar to classpath.
[12:48:57] [main/DEBUG] (FabricLoader/Knot) Adding /Users/joppebijlsma/.gradle/caches/modules-2/files-2.1/org.apache.httpcomponents/httpcore/4.4.14/9dd1a631c082d92ecd4bd8fd4cf55026c720a8c1/httpcore-4.4.14.jar to classpath.
[12:48:57] [main/DEBUG] (FabricLoader/Knot) Adding /Users/joppebijlsma/.gradle/caches/modules-2/files-2.1/org.lwjgl/lwjgl-jemalloc/3.3.1/a817bcf213db49f710603677457567c37d53e103/lwjgl-jemalloc-3.3.1.jar to classpath.
[12:48:57] [main/DEBUG] (FabricLoader/Knot) Adding /Users/joppebijlsma/.gradle/caches/modules-2/files-2.1/org.lwjgl/lwjgl-jemalloc/3.3.1/56424dc8db3cfb8e7b594aa6d59a4f4387b7f544/lwjgl-jemalloc-3.3.1-natives-macos.jar to classpath.
[12:48:57] [main/DEBUG] (FabricLoader/Knot) Adding /Users/joppebijlsma/.gradle/caches/modules-2/files-2.1/org.lwjgl/lwjgl-jemalloc/3.3.1/e577b87d8ad2ade361aaea2fcf226c660b15dee8/lwjgl-jemalloc-3.3.1-natives-macos-arm64.jar to classpath.
[12:48:57] [main/DEBUG] (FabricLoader/Knot) Adding /Users/joppebijlsma/.gradle/caches/modules-2/files-2.1/org.lwjgl/lwjgl-openal/3.3.1/2623a6b8ae1dfcd880738656a9f0243d2e6840bd/lwjgl-openal-3.3.1.jar to classpath.
[12:48:57] [main/DEBUG] (FabricLoader/Knot) Adding /Users/joppebijlsma/.gradle/caches/modules-2/files-2.1/org.lwjgl/lwjgl-openal/3.3.1/3a57b8911835fb58b5e558d0ca0d28157e263d45/lwjgl-openal-3.3.1-natives-macos.jar to classpath.
[12:48:57] [main/DEBUG] (FabricLoader/Knot) Adding /Users/joppebijlsma/.gradle/caches/modules-2/files-2.1/org.lwjgl/lwjgl-openal/3.3.1/23d55e7490b57495320f6c9e1936d78fd72c4ef8/lwjgl-openal-3.3.1-natives-macos-arm64.jar to classpath.
[12:48:57] [main/DEBUG] (FabricLoader/Knot) Adding /Users/joppebijlsma/.gradle/caches/modules-2/files-2.1/org.lwjgl/lwjgl-opengl/3.3.1/831a5533a21a5f4f81bbc51bb13e9899319b5411/lwjgl-opengl-3.3.1.jar to classpath.
[12:48:57] [main/DEBUG] (FabricLoader/Knot) Adding /Users/joppebijlsma/.gradle/caches/modules-2/files-2.1/org.lwjgl/lwjgl-opengl/3.3.1/a0d12697ea019a7362eff26475b0531340e876a6/lwjgl-opengl-3.3.1-natives-macos.jar to classpath.
[12:48:57] [main/DEBUG] (FabricLoader/Knot) Adding /Users/joppebijlsma/.gradle/caches/modules-2/files-2.1/org.lwjgl/lwjgl-opengl/3.3.1/eafe34b871d966292e8db0f1f3d6b8b110d4e91d/lwjgl-opengl-3.3.1-natives-macos-arm64.jar to classpath.
[12:48:57] [main/DEBUG] (FabricLoader/Knot) Adding /Users/joppebijlsma/.gradle/caches/modules-2/files-2.1/org.lwjgl/lwjgl-glfw/3.3.1/cbac1b8d30cb4795149c1ef540f912671a8616d0/lwjgl-glfw-3.3.1.jar to classpath.
[12:48:57] [main/DEBUG] (FabricLoader/Knot) Adding /Users/joppebijlsma/.gradle/caches/modules-2/files-2.1/org.lwjgl/lwjgl-glfw/3.3.1/9ec4ce1fc8c85fdef03ef4ff2aace6f5775fb280/lwjgl-glfw-3.3.1-natives-macos.jar to classpath.
[12:48:57] [main/DEBUG] (FabricLoader/Knot) Adding /Users/joppebijlsma/.gradle/caches/modules-2/files-2.1/org.lwjgl/lwjgl-glfw/3.3.1/cac0d3f712a3da7641fa174735a5f315de7ffe0a/lwjgl-glfw-3.3.1-natives-macos-arm64.jar to classpath.
[12:48:57] [main/DEBUG] (FabricLoader/Knot) Adding /Users/joppebijlsma/.gradle/caches/modules-2/files-2.1/org.lwjgl/lwjgl-stb/3.3.1/b119297cf8ed01f247abe8685857f8e7fcf5980f/lwjgl-stb-3.3.1.jar to classpath.
[12:48:57] [main/DEBUG] (FabricLoader/Knot) Adding /Users/joppebijlsma/.gradle/caches/modules-2/files-2.1/org.lwjgl/lwjgl-stb/3.3.1/def8879b8d38a47a4cc1d48b1f9a7b772e51258e/lwjgl-stb-3.3.1-natives-macos.jar to classpath.
[12:48:57] [main/DEBUG] (FabricLoader/Knot) Adding /Users/joppebijlsma/.gradle/caches/modules-2/files-2.1/org.lwjgl/lwjgl-stb/3.3.1/fcf073ed911752abdca5f0b00a53cfdf17ff8e8b/lwjgl-stb-3.3.1-natives-macos-arm64.jar to classpath.
[12:48:57] [main/DEBUG] (FabricLoader/Knot) Adding /Users/joppebijlsma/.gradle/caches/modules-2/files-2.1/org.lwjgl/lwjgl-tinyfd/3.3.1/ff1914111ef2e3e0110ef2dabc8d8cdaad82347/lwjgl-tinyfd-3.3.1.jar to classpath.
[12:48:57] [main/DEBUG] (FabricLoader/Knot) Adding /Users/joppebijlsma/.gradle/caches/modules-2/files-2.1/org.lwjgl/lwjgl-tinyfd/3.3.1/78641a0fa5e9afa714adfdd152c357930c97a1ce/lwjgl-tinyfd-3.3.1-natives-macos.jar to classpath.
[12:48:57] [main/DEBUG] (FabricLoader/Knot) Adding /Users/joppebijlsma/.gradle/caches/modules-2/files-2.1/org.lwjgl/lwjgl-tinyfd/3.3.1/972ecc17bad3571e81162153077b4d47b7b9eaa9/lwjgl-tinyfd-3.3.1-natives-macos-arm64.jar to classpath.
[12:48:57] [main/DEBUG] (FabricLoader/Knot) Adding /Users/joppebijlsma/.gradle/caches/modules-2/files-2.1/org.lwjgl/lwjgl/3.3.1/ae58664f88e18a9bb2c77b063833ca7aaec484cb/lwjgl-3.3.1.jar to classpath.
[12:48:57] [main/DEBUG] (FabricLoader/Knot) Adding /Users/joppebijlsma/.gradle/caches/modules-2/files-2.1/org.lwjgl/lwjgl/3.3.1/fc6bb723dec2cd031557dccb2a95f0ab80acb9db/lwjgl-3.3.1-natives-macos.jar to classpath.
[12:48:57] [main/DEBUG] (FabricLoader/Knot) Adding /Users/joppebijlsma/.gradle/caches/modules-2/files-2.1/org.lwjgl/lwjgl/3.3.1/71d0d5e469c9c95351eb949064497e3391616ac9/lwjgl-3.3.1-natives-macos-arm64.jar to classpath.
[12:48:57] [main/DEBUG] (FabricLoader/Knot) Adding /Users/joppebijlsma/.gradle/caches/modules-2/files-2.1/com.mojang/text2speech/1.13.9/5f4e3a6ef86cb021f7ca87ca192cddb50c26eb59/text2speech-1.13.9.jar to classpath.
[12:48:57] [main/DEBUG] (FabricLoader/Knot) Adding /Users/joppebijlsma/.gradle/caches/modules-2/files-2.1/ca.weblite/java-objc-bridge/1.1/1227f9e0666314f9de41477e3ec277e542ed7f7b/java-objc-bridge-1.1.jar to classpath.
[12:48:57] [main/DEBUG] (FabricLoader/Knot) Adding /Users/joppebijlsma/.gradle/caches/modules-2/files-2.1/com.github.oshi/oshi-core/5.8.5/1d0ec654d820741327f5a9229d513732a4b7ce50/oshi-core-5.8.5.jar to classpath.
[12:48:57] [main/DEBUG] (FabricLoader/Knot) Adding /Users/joppebijlsma/.gradle/caches/modules-2/files-2.1/net.java.dev.jna/jna-platform/5.10.0/fbed7d9669dba47714ad0d4f4454290a997aee69/jna-platform-5.10.0.jar to classpath.
[12:48:57] [main/DEBUG] (FabricLoader/Knot) Adding /Users/joppebijlsma/.gradle/caches/modules-2/files-2.1/net.java.dev.jna/jna/5.10.0/7cf4c87dd802db50721db66947aa237d7ad09418/jna-5.10.0.jar to classpath.
[12:48:57] [main/DEBUG] (FabricLoader/Knot) Adding /Users/joppebijlsma/.gradle/caches/modules-2/files-2.1/com.mojang/javabridge/1.2.24/c876796229b2ef5120f186eab5acc870699d3b9/javabridge-1.2.24.jar to classpath.
[12:48:57] [main/DEBUG] (FabricLoader/Knot) Adding /Users/joppebijlsma/.gradle/caches/modules-2/files-2.1/net.sf.jopt-simple/jopt-simple/5.0.4/4fdac2fbe92dfad86aa6e9301736f6b4342a3f5c/jopt-simple-5.0.4.jar to classpath.
[12:48:57] [main/DEBUG] (FabricLoader/Knot) Adding /Users/joppebijlsma/.gradle/caches/modules-2/files-2.1/com.mojang/datafixerupper/5.0.28/e2157e236e529aff80a5fc3ccb506e56d46b130b/datafixerupper-5.0.28.jar to classpath.
[12:48:57] [main/DEBUG] (FabricLoader/Knot) Adding /Users/joppebijlsma/.gradle/caches/modules-2/files-2.1/com.google.guava/guava/31.0.1-jre/119ea2b2bc205b138974d351777b20f02b92704b/guava-31.0.1-jre.jar to classpath.
[12:48:57] [main/DEBUG] (FabricLoader/Knot) Adding /Users/joppebijlsma/.gradle/caches/modules-2/files-2.1/com.google.guava/failureaccess/1.0.1/1dcf1de382a0bf95a3d8b0849546c88bac1292c9/failureaccess-1.0.1.jar to classpath.
[12:48:57] [main/DEBUG] (FabricLoader/Knot) Adding /Users/joppebijlsma/.gradle/caches/modules-2/files-2.1/org.apache.commons/commons-lang3/3.12.0/c6842c86792ff03b9f1d1fe2aab8dc23aa6c6f0e/commons-lang3-3.12.0.jar to classpath.
[12:48:57] [main/DEBUG] (FabricLoader/Knot) Adding /Users/joppebijlsma/.gradle/caches/modules-2/files-2.1/commons-io/commons-io/2.11.0/a2503f302b11ebde7ebc3df41daebe0e4eea3689/commons-io-2.11.0.jar to classpath.
[12:48:57] [main/DEBUG] (FabricLoader/Knot) Adding /Users/joppebijlsma/.gradle/caches/modules-2/files-2.1/com.mojang/brigadier/1.0.18/c1ef1234282716483c92183f49bef47b1a89bfa9/brigadier-1.0.18.jar to classpath.
[12:48:57] [main/DEBUG] (FabricLoader/Knot) Adding /Users/joppebijlsma/.gradle/caches/modules-2/files-2.1/it.unimi.dsi/fastutil/8.5.6/76f95700418a68fbc4ac050525261f05dc681ca1/fastutil-8.5.6.jar to classpath.
[12:48:57] [main/DEBUG] (FabricLoader/Knot) Adding /Users/joppebijlsma/IdeaProjects/TvStudioMod/.gradle/loom-cache/remapped_mods/net_fabricmc_yarn_1_19_1_19_build_4_v2/net/fabricmc/fabric-api/fabric-api/0.56.3+1.19/fabric-api-0.56.3+1.19.jar to classpath.
[12:48:57] [main/DEBUG] (FabricLoader/Knot) Adding /Users/joppebijlsma/IdeaProjects/TvStudioMod/.gradle/loom-cache/remapped_mods/net_fabricmc_yarn_1_19_1_19_build_4_v2/net/fabricmc/fabric-api/fabric-transfer-api-v1/2.0.9+e62f51a3a9/fabric-transfer-api-v1-2.0.9+e62f51a3a9.jar to classpath.
[12:48:57] [main/DEBUG] (FabricLoader/Knot) Adding /Users/joppebijlsma/IdeaProjects/TvStudioMod/.gradle/loom-cache/remapped_mods/net_fabricmc_yarn_1_19_1_19_build_4_v2/net/fabricmc/fabric-api/fabric-api-lookup-api-v1/1.6.7+9ff28f40a9/fabric-api-lookup-api-v1-1.6.7+9ff28f40a9.jar to classpath.
[12:48:57] [main/DEBUG] (FabricLoader/Knot) Adding /Users/joppebijlsma/IdeaProjects/TvStudioMod/.gradle/loom-cache/remapped_mods/net_fabricmc_yarn_1_19_1_19_build_4_v2/net/fabricmc/fabric-api/fabric-blockrenderlayer-v1/1.1.18+9ff28f40a9/fabric-blockrenderlayer-v1-1.1.18+9ff28f40a9.jar to classpath.
[12:48:57] [main/DEBUG] (FabricLoader/Knot) Adding /Users/joppebijlsma/IdeaProjects/TvStudioMod/.gradle/loom-cache/remapped_mods/net_fabricmc_yarn_1_19_1_19_build_4_v2/net/fabricmc/fabric-api/fabric-command-api-v2/2.1.2+0d55f585a9/fabric-command-api-v2-2.1.2+0d55f585a9.jar to classpath.
[12:48:57] [main/DEBUG] (FabricLoader/Knot) Adding /Users/joppebijlsma/IdeaProjects/TvStudioMod/.gradle/loom-cache/remapped_mods/net_fabricmc_yarn_1_19_1_19_build_4_v2/net/fabricmc/fabric-api/fabric-content-registries-v0/3.1.1+82552130a9/fabric-content-registries-v0-3.1.1+82552130a9.jar to classpath.
[12:48:57] [main/DEBUG] (FabricLoader/Knot) Adding /Users/joppebijlsma/IdeaProjects/TvStudioMod/.gradle/loom-cache/remapped_mods/net_fabricmc_yarn_1_19_1_19_build_4_v2/net/fabricmc/fabric-api/fabric-convention-tags-v1/1.0.8+37622d24a9/fabric-convention-tags-v1-1.0.8+37622d24a9.jar to classpath.
[12:48:57] [main/DEBUG] (FabricLoader/Knot) Adding /Users/joppebijlsma/IdeaProjects/TvStudioMod/.gradle/loom-cache/remapped_mods/net_fabricmc_yarn_1_19_1_19_build_4_v2/net/fabricmc/fabric-api/fabric-data-generation-api-v1/5.1.1+a680b9b4a9/fabric-data-generation-api-v1-5.1.1+a680b9b4a9.jar to classpath.
[12:48:57] [main/DEBUG] (FabricLoader/Knot) Adding /Users/joppebijlsma/IdeaProjects/TvStudioMod/.gradle/loom-cache/remapped_mods/net_fabricmc_yarn_1_19_1_19_build_4_v2/net/fabricmc/fabric-api/fabric-dimensions-v1/2.1.27+72da3b3da9/fabric-dimensions-v1-2.1.27+72da3b3da9.jar to classpath.
[12:48:57] [main/DEBUG] (FabricLoader/Knot) Adding /Users/joppebijlsma/IdeaProjects/TvStudioMod/.gradle/loom-cache/remapped_mods/net_fabricmc_yarn_1_19_1_19_build_4_v2/net/fabricmc/fabric-api/fabric-entity-events-v1/1.4.16+9ff28f40a9/fabric-entity-events-v1-1.4.16+9ff28f40a9.jar to classpath.
[12:48:57] [main/DEBUG] (FabricLoader/Knot) Adding /Users/joppebijlsma/IdeaProjects/TvStudioMod/.gradle/loom-cache/remapped_mods/net_fabricmc_yarn_1_19_1_19_build_4_v2/net/fabricmc/fabric-api/fabric-events-interaction-v0/0.4.26+9ff28f40a9/fabric-events-interaction-v0-0.4.26+9ff28f40a9.jar to classpath.
[12:48:57] [main/DEBUG] (FabricLoader/Knot) Adding /Users/joppebijlsma/IdeaProjects/TvStudioMod/.gradle/loom-cache/remapped_mods/net_fabricmc_yarn_1_19_1_19_build_4_v2/net/fabricmc/fabric-api/fabric-gametest-api-v1/1.0.31+e62f51a3a9/fabric-gametest-api-v1-1.0.31+e62f51a3a9.jar to classpath.
[12:48:57] [main/DEBUG] (FabricLoader/Knot) Adding /Users/joppebijlsma/IdeaProjects/TvStudioMod/.gradle/loom-cache/remapped_mods/net_fabricmc_yarn_1_19_1_19_build_4_v2/net/fabricmc/fabric-api/fabric-item-api-v1/1.5.4+767db26ea9/fabric-item-api-v1-1.5.4+767db26ea9.jar to classpath.
[12:48:57] [main/DEBUG] (FabricLoader/Knot) Adding /Users/joppebijlsma/IdeaProjects/TvStudioMod/.gradle/loom-cache/remapped_mods/net_fabricmc_yarn_1_19_1_19_build_4_v2/net/fabricmc/fabric-api/fabric-item-groups-v0/0.3.24+9ff28f40a9/fabric-item-groups-v0-0.3.24+9ff28f40a9.jar to classpath.
[12:48:57] [main/DEBUG] (FabricLoader/Knot) Adding /Users/joppebijlsma/IdeaProjects/TvStudioMod/.gradle/loom-cache/remapped_mods/net_fabricmc_yarn_1_19_1_19_build_4_v2/net/fabricmc/fabric-api/fabric-mining-level-api-v1/2.1.9+33fbc738a9/fabric-mining-level-api-v1-2.1.9+33fbc738a9.jar to classpath.
[12:48:57] [main/DEBUG] (FabricLoader/Knot) Adding /Users/joppebijlsma/IdeaProjects/TvStudioMod/.gradle/loom-cache/remapped_mods/net_fabricmc_yarn_1_19_1_19_build_4_v2/net/fabricmc/fabric-api/fabric-lifecycle-events-v1/2.1.0+33fbc738a9/fabric-lifecycle-events-v1-2.1.0+33fbc738a9.jar to classpath.
[12:48:57] [main/DEBUG] (FabricLoader/Knot) Adding /Users/joppebijlsma/IdeaProjects/TvStudioMod/.gradle/loom-cache/remapped_mods/net_fabricmc_yarn_1_19_1_19_build_4_v2/net/fabricmc/fabric-api/fabric-loot-api-v2/1.0.2+9e7660c6a9/fabric-loot-api-v2-1.0.2+9e7660c6a9.jar to classpath.
[12:48:57] [main/DEBUG] (FabricLoader/Knot) Adding /Users/joppebijlsma/IdeaProjects/TvStudioMod/.gradle/loom-cache/remapped_mods/net_fabricmc_yarn_1_19_1_19_build_4_v2/net/fabricmc/fabric-api/fabric-message-api-v1/1.0.1+513f4a59a9/fabric-message-api-v1-1.0.1+513f4a59a9.jar to classpath.
[12:48:57] [main/DEBUG] (FabricLoader/Knot) Adding /Users/joppebijlsma/IdeaProjects/TvStudioMod/.gradle/loom-cache/remapped_mods/net_fabricmc_yarn_1_19_1_19_build_4_v2/net/fabricmc/fabric-api/fabric-models-v0/0.3.15+9ff28f40a9/fabric-models-v0-0.3.15+9ff28f40a9.jar to classpath.
[12:48:57] [main/DEBUG] (FabricLoader/Knot) Adding /Users/joppebijlsma/IdeaProjects/TvStudioMod/.gradle/loom-cache/remapped_mods/net_fabricmc_yarn_1_19_1_19_build_4_v2/net/fabricmc/fabric-api/fabric-registry-sync-v0/0.9.17+23c4cfefa9/fabric-registry-sync-v0-0.9.17+23c4cfefa9.jar to classpath.
[12:48:57] [main/DEBUG] (FabricLoader/Knot) Adding /Users/joppebijlsma/IdeaProjects/TvStudioMod/.gradle/loom-cache/remapped_mods/net_fabricmc_yarn_1_19_1_19_build_4_v2/net/fabricmc/fabric-api/fabric-screen-handler-api-v1/1.2.6+9ff28f40a9/fabric-screen-handler-api-v1-1.2.6+9ff28f40a9.jar to classpath.
[12:48:57] [main/DEBUG] (FabricLoader/Knot) Adding /Users/joppebijlsma/IdeaProjects/TvStudioMod/.gradle/loom-cache/remapped_mods/net_fabricmc_yarn_1_19_1_19_build_4_v2/net/fabricmc/fabric-api/fabric-networking-api-v1/1.0.27+7fe97409a9/fabric-networking-api-v1-1.0.27+7fe97409a9.jar to classpath.
[12:48:57] [main/DEBUG] (FabricLoader/Knot) Adding /Users/joppebijlsma/IdeaProjects/TvStudioMod/.gradle/loom-cache/remapped_mods/net_fabricmc_yarn_1_19_1_19_build_4_v2/net/fabricmc/fabric-api/fabric-object-builder-api-v1/4.0.6+9ff28f40a9/fabric-object-builder-api-v1-4.0.6+9ff28f40a9.jar to classpath.
[12:48:57] [main/DEBUG] (FabricLoader/Knot) Adding /Users/joppebijlsma/IdeaProjects/TvStudioMod/.gradle/loom-cache/remapped_mods/net_fabricmc_yarn_1_19_1_19_build_4_v2/net/fabricmc/fabric-api/fabric-particles-v1/1.0.8+dc39553aa9/fabric-particles-v1-1.0.8+dc39553aa9.jar to classpath.
[12:48:57] [main/DEBUG] (FabricLoader/Knot) Adding /Users/joppebijlsma/IdeaProjects/TvStudioMod/.gradle/loom-cache/remapped_mods/net_fabricmc_yarn_1_19_1_19_build_4_v2/net/fabricmc/fabric-api/fabric-renderer-indigo/0.6.9+1f92344ea9/fabric-renderer-indigo-0.6.9+1f92344ea9.jar to classpath.
[12:48:57] [main/DEBUG] (FabricLoader/Knot) Adding /Users/joppebijlsma/IdeaProjects/TvStudioMod/.gradle/loom-cache/remapped_mods/net_fabricmc_yarn_1_19_1_19_build_4_v2/net/fabricmc/fabric-api/fabric-renderer-api-v1/1.0.8+9ff28f40a9/fabric-renderer-api-v1-1.0.8+9ff28f40a9.jar to classpath.
[12:48:57] [main/DEBUG] (FabricLoader/Knot) Adding /Users/joppebijlsma/IdeaProjects/TvStudioMod/.gradle/loom-cache/remapped_mods/net_fabricmc_yarn_1_19_1_19_build_4_v2/net/fabricmc/fabric-api/fabric-rendering-data-attachment-v1/0.3.12+9ff28f40a9/fabric-rendering-data-attachment-v1-0.3.12+9ff28f40a9.jar to classpath.
[12:48:57] [main/DEBUG] (FabricLoader/Knot) Adding /Users/joppebijlsma/IdeaProjects/TvStudioMod/.gradle/loom-cache/remapped_mods/net_fabricmc_yarn_1_19_1_19_build_4_v2/net/fabricmc/fabric-api/fabric-rendering-fluids-v1/3.0.5+9ff28f40a9/fabric-rendering-fluids-v1-3.0.5+9ff28f40a9.jar to classpath.
[12:48:57] [main/DEBUG] (FabricLoader/Knot) Adding /Users/joppebijlsma/IdeaProjects/TvStudioMod/.gradle/loom-cache/remapped_mods/net_fabricmc_yarn_1_19_1_19_build_4_v2/net/fabricmc/fabric-api/fabric-rendering-v1/1.10.14+9ff28f40a9/fabric-rendering-v1-1.10.14+9ff28f40a9.jar to classpath.
[12:48:57] [main/DEBUG] (FabricLoader/Knot) Adding /Users/joppebijlsma/IdeaProjects/TvStudioMod/.gradle/loom-cache/remapped_mods/net_fabricmc_yarn_1_19_1_19_build_4_v2/net/fabricmc/fabric-api/fabric-screen-api-v1/1.0.23+9ff28f40a9/fabric-screen-api-v1-1.0.23+9ff28f40a9.jar to classpath.
[12:48:57] [main/DEBUG] (FabricLoader/Knot) Adding /Users/joppebijlsma/IdeaProjects/TvStudioMod/.gradle/loom-cache/remapped_mods/net_fabricmc_yarn_1_19_1_19_build_4_v2/net/fabricmc/fabric-api/fabric-textures-v0/1.0.18+9ff28f40a9/fabric-textures-v0-1.0.18+9ff28f40a9.jar to classpath.
[12:48:57] [main/DEBUG] (FabricLoader/Knot) Adding /Users/joppebijlsma/IdeaProjects/TvStudioMod/.gradle/loom-cache/remapped_mods/net_fabricmc_yarn_1_19_1_19_build_4_v2/net/fabricmc/fabric-api/fabric-api-base/0.4.9+e62f51a3a9/fabric-api-base-0.4.9+e62f51a3a9.jar to classpath.
[12:48:57] [main/DEBUG] (FabricLoader/Knot) Adding /Users/joppebijlsma/IdeaProjects/TvStudioMod/.gradle/loom-cache/remapped_mods/net_fabricmc_yarn_1_19_1_19_build_4_v2/net/fabricmc/fabric-api/fabric-biome-api-v1/9.0.14+b2a4a624a9/fabric-biome-api-v1-9.0.14+b2a4a624a9.jar to classpath.
[12:48:57] [main/DEBUG] (FabricLoader/Knot) Adding /Users/joppebijlsma/IdeaProjects/TvStudioMod/.gradle/loom-cache/remapped_mods/net_fabricmc_yarn_1_19_1_19_build_4_v2/net/fabricmc/fabric-api/fabric-crash-report-info-v1/0.2.3+bd0a0d4aa9/fabric-crash-report-info-v1-0.2.3+bd0a0d4aa9.jar to classpath.
[12:48:57] [main/DEBUG] (FabricLoader/Knot) Adding /Users/joppebijlsma/IdeaProjects/TvStudioMod/.gradle/loom-cache/remapped_mods/net_fabricmc_yarn_1_19_1_19_build_4_v2/net/fabricmc/fabric-api/fabric-game-rule-api-v1/1.0.19+18990361a9/fabric-game-rule-api-v1-1.0.19+18990361a9.jar to classpath.
[12:48:57] [main/DEBUG] (FabricLoader/Knot) Adding /Users/joppebijlsma/IdeaProjects/TvStudioMod/.gradle/loom-cache/remapped_mods/net_fabricmc_yarn_1_19_1_19_build_4_v2/net/fabricmc/fabric-api/fabric-key-binding-api-v1/1.0.18+9ff28f40a9/fabric-key-binding-api-v1-1.0.18+9ff28f40a9.jar to classpath.
[12:48:57] [main/DEBUG] (FabricLoader/Knot) Adding /Users/joppebijlsma/IdeaProjects/TvStudioMod/.gradle/loom-cache/remapped_mods/net_fabricmc_yarn_1_19_1_19_build_4_v2/net/fabricmc/fabric-api/fabric-resource-conditions-api-v1/2.0.9+e62f51a3a9/fabric-resource-conditions-api-v1-2.0.9+e62f51a3a9.jar to classpath.
[12:48:57] [main/DEBUG] (FabricLoader/Knot) Adding /Users/joppebijlsma/IdeaProjects/TvStudioMod/.gradle/loom-cache/remapped_mods/net_fabricmc_yarn_1_19_1_19_build_4_v2/net/fabricmc/fabric-api/fabric-resource-loader-v0/0.5.4+db8596f1a9/fabric-resource-loader-v0-0.5.4+db8596f1a9.jar to classpath.
[12:48:57] [main/DEBUG] (FabricLoader/Knot) Adding /Users/joppebijlsma/IdeaProjects/TvStudioMod/.gradle/loom-cache/remapped_mods/net_fabricmc_yarn_1_19_1_19_build_4_v2/net/fabricmc/fabric-api/fabric-transitive-access-wideners-v1/1.1.1+9e7660c6a9/fabric-transitive-access-wideners-v1-1.1.1+9e7660c6a9.jar to classpath.
[12:48:57] [main/DEBUG] (FabricLoader/Knot) Adding /Users/joppebijlsma/.gradle/caches/modules-2/files-2.1/com.google.code.findbugs/jsr305/3.0.2/25ea2e8b0c338a877313bd4672d3fe056ea78f0d/jsr305-3.0.2.jar to classpath.
[12:48:57] [main/DEBUG] (FabricLoader/Knot) Adding /Users/joppebijlsma/.gradle/caches/modules-2/files-2.1/com.google.guava/listenablefuture/9999.0-empty-to-avoid-conflict-with-guava/b421526c5f297295adef1c886e5246c39d4ac629/listenablefuture-9999.0-empty-to-avoid-conflict-with-guava.jar to classpath.
[12:48:57] [main/DEBUG] (FabricLoader/Knot) Adding /Users/joppebijlsma/.gradle/caches/modules-2/files-2.1/org.checkerframework/checker-qual/3.12.0/d5692f0526415fcc6de94bb5bfbd3afd9dd3b3e5/checker-qual-3.12.0.jar to classpath.
[12:48:57] [main/DEBUG] (FabricLoader/Knot) Adding /Users/joppebijlsma/.gradle/caches/modules-2/files-2.1/com.google.errorprone/error_prone_annotations/2.7.1/458d9042f7aa6fa9a634df902b37f544e15aacac/error_prone_annotations-2.7.1.jar to classpath.
[12:48:57] [main/DEBUG] (FabricLoader/Knot) Adding /Users/joppebijlsma/.gradle/caches/modules-2/files-2.1/com.google.j2objc/j2objc-annotations/1.3/ba035118bc8bac37d7eff77700720999acd9986d/j2objc-annotations-1.3.jar to classpath.
[12:48:57] [main/DEBUG] (FabricLoader/Knot) Adding /Users/joppebijlsma/.gradle/caches/fabric-loom/1.19/net.fabricmc.yarn.1_19.1.19+build.4-v2/mappings.jar to classpath.
[12:48:57] [main/DEBUG] (FabricLoader/Knot) Adding /Users/joppebijlsma/.gradle/caches/modules-2/files-2.1/net.fabricmc/dev-launch-injector/0.2.1+build.8/da8bef7e6e2f952da707f282bdb46882a0fce5e3/dev-launch-injector-0.2.1+build.8.jar to classpath.
[12:48:57] [main/DEBUG] (FabricLoader/Knot) Adding /Users/joppebijlsma/.gradle/caches/modules-2/files-2.1/org.jline/jline-reader/3.12.1/4382ab1382c7b6f379377ed5f665dc2f6e1218bc/jline-reader-3.12.1.jar to classpath.
[12:48:57] [main/DEBUG] (FabricLoader/Knot) Adding /Users/joppebijlsma/.gradle/caches/modules-2/files-2.1/org.jline/jline-terminal/3.12.1/c777448314e050d980a6b697c140f3bfe9eb7416/jline-terminal-3.12.1.jar to classpath.
[12:48:57] [main/DEBUG] (FabricLoader/Entrypoint) No subscribers for entrypoint 'preLaunch'
[12:48:57] [main/DEBUG] (FabricLoader/Mixin) Preparing mixins for MixinEnvironment[DEFAULT]
[12:48:57] [main/DEBUG] (FabricLoader/Mixin) Selecting config fabric-mining-level-api-v1.mixins.json
[12:48:57] [main/DEBUG] (FabricLoader/Mixin) Remapping refMap fabric-mining-level-api-v1-refmap.json using remapper chain
[12:48:57] [main/DEBUG] (FabricLoader/Mixin) Selecting config fabric-item-api-v1.mixins.json
[12:48:57] [main/DEBUG] (FabricLoader/Mixin) Remapping refMap fabric-item-api-v1-refmap.json using remapper chain
[12:48:57] [main/DEBUG] (FabricLoader/Mixin) Selecting config fabric-item-api-v1.client.mixins.json
[12:48:57] [main/DEBUG] (FabricLoader/Mixin) Remapping refMap client-fabric-item-api-v1-refmap.json using remapper chain
[12:48:57] [main/DEBUG] (FabricLoader/Mixin) Selecting config fabric-game-rule-api-v1.mixins.json
[12:48:57] [main/DEBUG] (FabricLoader/Mixin) Remapping refMap fabric-game-rule-api-v1-refmap.json using remapper chain
[12:48:57] [main/DEBUG] (FabricLoader/Mixin) Selecting config fabric-game-rule-api-v1.client.mixins.json
[12:48:57] [main/DEBUG] (FabricLoader/Mixin) Remapping refMap client-fabric-game-rule-api-v1-refmap.json using remapper chain
[12:48:57] [main/DEBUG] (FabricLoader/Mixin) Selecting config fabric-entity-events-v1.mixins.json
[12:48:57] [main/DEBUG] (FabricLoader/Mixin) Remapping refMap fabric-entity-events-v1-refmap.json using remapper chain
[12:48:57] [main/DEBUG] (FabricLoader/Mixin) Selecting config fabric-entity-events-v1.client.mixins.json
[12:48:57] [main/DEBUG] (FabricLoader/Mixin) Remapping refMap client-fabric-entity-events-v1-refmap.json using remapper chain
[12:48:57] [main/DEBUG] (FabricLoader/Mixin) Selecting config fabric-renderer-api-v1.mixins.json
[12:48:57] [main/DEBUG] (FabricLoader/Mixin) Remapping refMap client-fabric-renderer-api-v1-refmap.json using remapper chain
[12:48:57] [main/DEBUG] (FabricLoader/Mixin) Selecting config fabric-renderer-api-v1.debughud.mixins.json
[12:48:57] [main/DEBUG] (FabricLoader/Mixin) Remapping refMap client-fabric-renderer-api-v1-refmap.json using remapper chain
[12:48:57] [main/DEBUG] (FabricLoader/Mixin) Selecting config fabric-blockrenderlayer-v1.mixins.json
[12:48:57] [main/DEBUG] (FabricLoader/Mixin) Remapping refMap client-fabric-blockrenderlayer-v1-refmap.json using remapper chain
[12:48:57] [main/DEBUG] (FabricLoader/Mixin) Selecting config fabric-rendering-fluids-v1.mixins.json
[12:48:57] [main/DEBUG] (FabricLoader/Mixin) Remapping refMap client-fabric-rendering-fluids-v1-refmap.json using remapper chain
[12:48:57] [main/DEBUG] (FabricLoader/Mixin) Selecting config fabric-content-registries-v0.mixins.json
[12:48:57] [main/DEBUG] (FabricLoader/Mixin) Remapping refMap fabric-content-registries-v0-refmap.json using remapper chain
[12:48:57] [main/DEBUG] (FabricLoader/Mixin) Selecting config fabric-data-generation-api-v1.mixins.json
[12:48:57] [main/DEBUG] (FabricLoader/Mixin) Remapping refMap fabric-data-generation-api-v1-refmap.json using remapper chain
[12:48:57] [main/DEBUG] (FabricLoader/Mixin) Selecting config fabric-data-generation-api-v1.client.mixins.json
[12:48:57] [main/DEBUG] (FabricLoader/Mixin) Remapping refMap client-fabric-data-generation-api-v1-refmap.json using remapper chain
[12:48:57] [main/DEBUG] (FabricLoader/Mixin) Selecting config fabric-item-groups-v0.mixins.json
[12:48:57] [main/DEBUG] (FabricLoader/Mixin) Remapping refMap fabric-item-groups-v0-refmap.json using remapper chain
[12:48:57] [main/DEBUG] (FabricLoader/Mixin) Selecting config fabric-item-groups-v0.client.mixins.json
[12:48:57] [main/DEBUG] (FabricLoader/Mixin) Remapping refMap client-fabric-item-groups-v0-refmap.json using remapper chain
[12:48:57] [main/DEBUG] (FabricLoader/Mixin) Selecting config fabric-command-api-v2.mixins.json
[12:48:57] [main/DEBUG] (FabricLoader/Mixin) Remapping refMap fabric-command-api-v2-refmap.json using remapper chain
[12:48:57] [main/DEBUG] (FabricLoader/Mixin) Selecting config fabric-command-api-v2.client.mixins.json
[12:48:57] [main/DEBUG] (FabricLoader/Mixin) Remapping refMap client-fabric-command-api-v2-refmap.json using remapper chain
[12:48:57] [main/DEBUG] (FabricLoader/Mixin) Selecting config fabric-models-v0.mixins.json
[12:48:57] [main/DEBUG] (FabricLoader/Mixin) Remapping refMap client-fabric-models-v0-refmap.json using remapper chain
[12:48:57] [main/DEBUG] (FabricLoader/Mixin) Selecting config fabric-dimensions-v1.mixins.json
[12:48:57] [main/DEBUG] (FabricLoader/Mixin) Remapping refMap fabric-dimensions-v1-refmap.json using remapper chain
[12:48:57] [main/DEBUG] (FabricLoader/Mixin) Selecting config tvstudio.mixins.json
[12:48:57] [main/DEBUG] (FabricLoader/Mixin) Selecting config fabric-transfer-api-v1.mixins.json
[12:48:57] [main/DEBUG] (FabricLoader/Mixin) Remapping refMap fabric-transfer-api-v1-refmap.json using remapper chain
[12:48:57] [main/DEBUG] (FabricLoader/Mixin) Selecting config fabric-key-binding-api-v1.mixins.json
[12:48:57] [main/DEBUG] (FabricLoader/Mixin) Remapping refMap client-fabric-key-binding-api-v1-refmap.json using remapper chain
[12:48:57] [main/DEBUG] (FabricLoader/Mixin) Selecting config fabric-gametest-api-v1.mixins.json
[12:48:57] [main/DEBUG] (FabricLoader/Mixin) Remapping refMap fabric-gametest-api-v1-refmap.json using remapper chain
[12:48:57] [main/DEBUG] (FabricLoader/Mixin) Selecting config fabric-api-lookup-api-v1.mixins.json
[12:48:57] [main/DEBUG] (FabricLoader/Mixin) Remapping refMap fabric-api-lookup-api-v1-refmap.json using remapper chain
[12:48:57] [main/DEBUG] (FabricLoader/Mixin) Selecting config fabric-registry-sync-v0.mixins.json
[12:48:57] [main/DEBUG] (FabricLoader/Mixin) Remapping refMap fabric-registry-sync-v0-refmap.json using remapper chain
[12:48:57] [main/DEBUG] (FabricLoader/Mixin) Selecting config fabric-registry-sync-v0.client.mixins.json
[12:48:57] [main/DEBUG] (FabricLoader/Mixin) Remapping refMap client-fabric-registry-sync-v0-refmap.json using remapper chain
[12:48:57] [main/DEBUG] (FabricLoader/Mixin) Selecting config fabric-networking-api-v1.mixins.json
[12:48:57] [main/DEBUG] (FabricLoader/Mixin) Remapping refMap fabric-networking-api-v1-refmap.json using remapper chain
[12:48:57] [main/DEBUG] (FabricLoader/Mixin) Selecting config fabric-networking-api-v1.client.mixins.json
[12:48:57] [main/DEBUG] (FabricLoader/Mixin) Remapping refMap client-fabric-networking-api-v1-refmap.json using remapper chain
[12:48:57] [main/DEBUG] (FabricLoader/Mixin) Selecting config fabric-lifecycle-events-v1.mixins.json
[12:48:57] [main/DEBUG] (FabricLoader/Mixin) Remapping refMap fabric-lifecycle-events-v1-refmap.json using remapper chain
[12:48:57] [main/DEBUG] (FabricLoader/Mixin) Selecting config fabric-lifecycle-events-v1.client.mixins.json
[12:48:57] [main/DEBUG] (FabricLoader/Mixin) Remapping refMap client-fabric-lifecycle-events-v1-refmap.json using remapper chain
[12:48:57] [main/DEBUG] (FabricLoader/Mixin) Selecting config fabric-object-builder-v1.mixins.json
[12:48:57] [main/DEBUG] (FabricLoader/Mixin) Remapping refMap fabric-object-builder-api-v1-refmap.json using remapper chain
[12:48:57] [main/DEBUG] (FabricLoader/Mixin) Selecting config fabric-object-builder-v1.client.mixins.json
[12:48:57] [main/DEBUG] (FabricLoader/Mixin) Remapping refMap client-fabric-object-builder-api-v1-refmap.json using remapper chain
[12:48:57] [main/DEBUG] (FabricLoader/Mixin) Selecting config fabric-screen-api-v1.mixins.json
[12:48:57] [main/DEBUG] (FabricLoader/Mixin) Remapping refMap client-fabric-screen-api-v1-refmap.json using remapper chain
[12:48:57] [main/DEBUG] (FabricLoader/Mixin) Selecting config fabric-screen-handler-api-v1.mixins.json
[12:48:57] [main/DEBUG] (FabricLoader/Mixin) Remapping refMap fabric-screen-handler-api-v1-refmap.json using remapper chain
[12:48:57] [main/DEBUG] (FabricLoader/Mixin) Selecting config fabric-loot-api-v2.mixins.json
[12:48:57] [main/DEBUG] (FabricLoader/Mixin) Remapping refMap fabric-loot-api-v2-refmap.json using remapper chain
[12:48:57] [main/DEBUG] (FabricLoader/Mixin) Selecting config fabric-events-interaction-v0.mixins.json
[12:48:57] [main/DEBUG] (FabricLoader/Mixin) Remapping refMap fabric-events-interaction-v0-refmap.json using remapper chain
[12:48:57] [main/DEBUG] (FabricLoader/Mixin) Selecting config fabric-events-interaction-v0.client.mixins.json
[12:48:57] [main/DEBUG] (FabricLoader/Mixin) Remapping refMap client-fabric-events-interaction-v0-refmap.json using remapper chain
[12:48:57] [main/DEBUG] (FabricLoader/Mixin) Selecting config fabric-message-api-v1.mixins.json
[12:48:57] [main/DEBUG] (FabricLoader/Mixin) Remapping refMap fabric-message-api-v1-refmap.json using remapper chain
[12:48:57] [main/DEBUG] (FabricLoader/Mixin) Selecting config fabric-resource-conditions-api-v1.mixins.json
[12:48:57] [main/DEBUG] (FabricLoader/Mixin) Remapping refMap fabric-resource-conditions-api-v1-refmap.json using remapper chain
[12:48:57] [main/DEBUG] (FabricLoader/Mixin) Selecting config fabric-renderer-indigo.mixins.json
[12:48:57] [main/DEBUG] (FabricLoader/Mixin) Remapping refMap client-fabric-renderer-indigo-refmap.json using remapper chain
[12:48:57] [main/DEBUG] (FabricLoader/Mixin) Selecting config fabric-biome-api-v1.mixins.json
[12:48:57] [main/DEBUG] (FabricLoader/Mixin) Remapping refMap fabric-biome-api-v1-refmap.json using remapper chain
[12:48:57] [main/DEBUG] (FabricLoader/Mixin) Selecting config fabric-rendering-data-attachment-v1.mixins.json
[12:48:57] [main/DEBUG] (FabricLoader/Mixin) Remapping refMap fabric-rendering-data-attachment-v1-refmap.json using remapper chain
[12:48:57] [main/DEBUG] (FabricLoader/Mixin) Selecting config fabric-rendering-data-attachment-v1.client.mixins.json
[12:48:57] [main/DEBUG] (FabricLoader/Mixin) Remapping refMap client-fabric-rendering-data-attachment-v1-refmap.json using remapper chain
[12:48:57] [main/DEBUG] (FabricLoader/Mixin) Selecting config fabric-rendering-v1.mixins.json
[12:48:57] [main/DEBUG] (FabricLoader/Mixin) Remapping refMap client-fabric-rendering-v1-refmap.json using remapper chain
[12:48:57] [main/DEBUG] (FabricLoader/Mixin) Selecting config fabric-textures-v0.mixins.json
[12:48:57] [main/DEBUG] (FabricLoader/Mixin) Remapping refMap client-fabric-textures-v0-refmap.json using remapper chain
[12:48:57] [main/DEBUG] (FabricLoader/Mixin) Selecting config fabric-particles-v1.client.mixins.json
[12:48:57] [main/DEBUG] (FabricLoader/Mixin) Remapping refMap client-fabric-particles-v1-refmap.json using remapper chain
[12:48:57] [main/DEBUG] (FabricLoader/Mixin) Selecting config fabric-resource-loader-v0.mixins.json
[12:48:57] [main/DEBUG] (FabricLoader/Mixin) Remapping refMap fabric-resource-loader-v0-refmap.json using remapper chain
[12:48:57] [main/DEBUG] (FabricLoader/Mixin) Selecting config fabric-resource-loader-v0.client.mixins.json
[12:48:57] [main/DEBUG] (FabricLoader/Mixin) Remapping refMap client-fabric-resource-loader-v0-refmap.json using remapper chain
[12:48:57] [main/DEBUG] (FabricLoader/Mixin) Selecting config fabric-crash-report-info-v1.mixins.json
[12:48:57] [main/DEBUG] (FabricLoader/Mixin) Remapping refMap fabric-crash-report-info-v1-refmap.json using remapper chain
[12:48:57] [main/DEBUG] (FabricLoader/Mixin) Preparing fabric-mining-level-api-v1.mixins.json (3)
[12:48:57] [main/DEBUG] (FabricLoader/Mixin) Preparing fabric-item-api-v1.mixins.json (4)
[12:48:57] [main/DEBUG] (FabricLoader/Mixin) Preparing fabric-item-api-v1.client.mixins.json (3)
[12:48:57] [main/DEBUG] (FabricLoader/Mixin) Preparing fabric-game-rule-api-v1.mixins.json (6)
[12:48:57] [main/DEBUG] (FabricLoader/Mixin) @Mixin target net/minecraft/server/command/GameRuleCommand$1 is public in fabric-game-rule-api-v1.mixins.json:GameRuleCommandVisitorMixin from mod fabric-game-rule-api-v1 and should be specified in value
[12:48:57] [main/DEBUG] (FabricLoader/Mixin) Preparing fabric-game-rule-api-v1.client.mixins.json (3)
[12:48:57] [main/DEBUG] (FabricLoader/Mixin) @Mixin target net/minecraft/client/gui/screen/world/EditGameRulesScreen$RuleListWidget$1 is public in fabric-game-rule-api-v1.client.mixins.json:RuleListWidgetVisitorMixin from mod fabric-game-rule-api-v1 and should be specified in value
[12:48:57] [main/DEBUG] (FabricLoader/Mixin) Preparing fabric-entity-events-v1.mixins.json (8)
[12:48:57] [main/DEBUG] (FabricLoader/Mixin) Preparing fabric-entity-events-v1.client.mixins.json (1)
[12:48:57] [main/DEBUG] (FabricLoader/Mixin) Preparing fabric-renderer-api-v1.mixins.json (4)
[12:48:57] [main/DEBUG] (FabricLoader/Mixin) Preparing fabric-renderer-api-v1.debughud.mixins.json (1)
[12:48:57] [main/DEBUG] (FabricLoader/Mixin) Preparing fabric-blockrenderlayer-v1.mixins.json (1)
[12:48:57] [main/DEBUG] (FabricLoader/Mixin) Preparing fabric-rendering-fluids-v1.mixins.json (1)
[12:48:57] [main/DEBUG] (FabricLoader/Mixin) Preparing fabric-content-registries-v0.mixins.json (12)
[12:48:57] [main/DEBUG] (FabricLoader/Mixin) Preparing fabric-data-generation-api-v1.mixins.json (5)
[12:48:57] [main/DEBUG] (FabricLoader/Mixin) Preparing fabric-data-generation-api-v1.client.mixins.json (1)
[12:48:57] [main/DEBUG] (FabricLoader/Mixin) Preparing fabric-item-groups-v0.mixins.json (1)
[12:48:58] [main/DEBUG] (FabricLoader/Mixin) Preparing fabric-item-groups-v0.client.mixins.json (2)
[12:48:58] [main/DEBUG] (FabricLoader/Mixin) Preparing fabric-command-api-v2.mixins.json (3)
[12:48:58] [main/DEBUG] (FabricLoader/Mixin) Preparing fabric-command-api-v2.client.mixins.json (3)
[12:48:58] [main/DEBUG] (FabricLoader/Mixin) Preparing fabric-models-v0.mixins.json (2)
[12:48:58] [main/DEBUG] (FabricLoader/Mixin) Preparing fabric-dimensions-v1.mixins.json (4)
[12:48:58] [main/DEBUG] (FabricLoader/Mixin) Preparing tvstudio.mixins.json (0)
[12:48:58] [main/DEBUG] (FabricLoader/Mixin) Preparing fabric-transfer-api-v1.mixins.json (10)
[12:48:58] [main/DEBUG] (FabricLoader/Mixin) Preparing fabric-key-binding-api-v1.mixins.json (3)
[12:48:58] [main/DEBUG] (FabricLoader/Mixin) Preparing fabric-gametest-api-v1.mixins.json (7)
[12:48:58] [main/DEBUG] (FabricLoader/Mixin) Preparing fabric-api-lookup-api-v1.mixins.json (2)
[12:48:58] [main/DEBUG] (FabricLoader/Mixin) Preparing fabric-registry-sync-v0.mixins.json (12)
[12:48:58] [main/DEBUG] (FabricLoader/Mixin) Preparing fabric-registry-sync-v0.client.mixins.json (5)
[12:48:58] [main/DEBUG] (FabricLoader/Mixin) Preparing fabric-networking-api-v1.mixins.json (10)
[12:48:58] [main/DEBUG] (FabricLoader/Mixin) @Mixin target net/minecraft/server/world/ThreadedAnvilChunkStorage$EntityTracker is public in fabric-networking-api-v1.mixins.json:accessor.EntityTrackerAccessor from mod fabric-networking-api-v1 and should be specified in value
[12:48:58] [main/DEBUG] (FabricLoader/Mixin) Preparing fabric-networking-api-v1.client.mixins.json (4)
[12:48:58] [main/DEBUG] (FabricLoader/Mixin) Preparing fabric-lifecycle-events-v1.mixins.json (8)
[12:48:58] [main/DEBUG] (FabricLoader/Mixin) @Mixin target net/minecraft/server/world/ServerWorld$ServerEntityHandler is public in fabric-lifecycle-events-v1.mixins.json:ServerWorldEntityLoaderMixin from mod fabric-lifecycle-events-v1 and should be specified in value
[12:48:58] [main/DEBUG] (FabricLoader/Mixin) Preparing fabric-lifecycle-events-v1.client.mixins.json (6)
[12:48:58] [main/DEBUG] (FabricLoader/Mixin) @Mixin target net/minecraft/client/world/ClientWorld$ClientEntityHandler is public in fabric-lifecycle-events-v1.client.mixins.json:ClientWorldEntityLoaderMixin from mod fabric-lifecycle-events-v1 and should be specified in value
[12:48:58] [main/DEBUG] (FabricLoader/Mixin) Preparing fabric-object-builder-v1.mixins.json (10)
[12:48:58] [main/DEBUG] (FabricLoader/Mixin) @Mixin target net/minecraft/village/TradeOffers$TypeAwareBuyForOneEmeraldFactory is public in fabric-object-builder-v1.mixins.json:TypeAwareTradeMixin from mod fabric-object-builder-api-v1 and should be specified in value
[12:48:58] [main/DEBUG] (FabricLoader/Mixin) Preparing fabric-object-builder-v1.client.mixins.json (2)
[12:48:58] [main/DEBUG] (FabricLoader/Mixin) Preparing fabric-screen-api-v1.mixins.json (6)
[12:48:58] [main/DEBUG] (FabricLoader/Mixin) Preparing fabric-screen-handler-api-v1.mixins.json (1)
[12:48:58] [main/DEBUG] (FabricLoader/Mixin) Preparing fabric-loot-api-v2.mixins.json (5)
[12:48:58] [main/DEBUG] (FabricLoader/Mixin) Preparing fabric-events-interaction-v0.mixins.json (3)
[12:48:58] [main/DEBUG] (FabricLoader/Mixin) @Mixin target net/minecraft/server/network/ServerPlayNetworkHandler$1 is public in fabric-events-interaction-v0.mixins.json:MixinServerPlayNetworkHandler from mod fabric-events-interaction-v0 and should be specified in value
[12:48:58] [main/DEBUG] (FabricLoader/Mixin) Preparing fabric-events-interaction-v0.client.mixins.json (2)
[12:48:58] [main/DEBUG] (FabricLoader/Mixin) Preparing fabric-message-api-v1.mixins.json (2)
[12:48:58] [main/DEBUG] (FabricLoader/Mixin) Preparing fabric-resource-conditions-api-v1.mixins.json (4)
[12:48:58] [main/DEBUG] (FabricLoader/Mixin) Preparing fabric-renderer-indigo.mixins.json (4)
[12:48:58] [main/DEBUG] (FabricLoader/Mixin) Preparing fabric-biome-api-v1.mixins.json (9)
[12:48:59] [main/DEBUG] (FabricLoader/Mixin) Preparing fabric-rendering-data-attachment-v1.mixins.json (2)
[12:48:59] [main/DEBUG] (FabricLoader/Mixin) Preparing fabric-rendering-data-attachment-v1.client.mixins.json (2)
[12:48:59] [main/DEBUG] (FabricLoader/Mixin) Preparing fabric-rendering-v1.mixins.json (14)
[12:48:59] [main/DEBUG] (FabricLoader/Mixin) Preparing fabric-textures-v0.mixins.json (1)
[12:48:59] [main/DEBUG] (FabricLoader/Mixin) Preparing fabric-particles-v1.client.mixins.json (3)
[12:48:59] [main/DEBUG] (FabricLoader/Mixin) Preparing fabric-resource-loader-v0.mixins.json (16)
