[01:24:06] [main/INFO] (FabricLoader/GameProvider) Loading Minecraft 1.19.3 with Fabric Loader 0.14.11
[01:24:06] [main/INFO] (FabricLoader) Loading 45 mods:
	- fabric-api 0.68.1+1.19.3
	- fabric-api-base 0.4.19+8d1895cf72
	- fabric-api-lookup-api-v1 1.6.18+49abcf7e72
	- fabric-biome-api-v1 12.0.0+689f5e7172
	- fabric-block-api-v1 1.0.3+12bfe4ea72
	- fabric-blockrenderlayer-v1 1.1.28+c6af733c72
	- fabric-client-tags-api-v1 1.0.9+49abcf7e72
	- fabric-command-api-v2 2.1.15+49abcf7e72
	- fabric-content-registries-v0 3.4.11+49abcf7e72
	- fabric-convention-tags-v1 1.1.9+2894d6df72
	- fabric-crash-report-info-v1 0.2.12+aeb40ebe72
	- fabric-data-generation-api-v1 11.0.1+65e415cb72
	- fabric-dimensions-v1 2.1.39+48349a3f72
	- fabric-entity-events-v1 1.5.5+b83334a072
	- fabric-events-interaction-v0 0.4.37+422b77fb72
	- fabric-game-rule-api-v1 1.0.28+2894d6df72
	- fabric-gametest-api-v1 1.1.13+12a01b0672
	- fabric-item-api-v1 2.1.4+fa25da9972
	- fabric-item-group-api-v1 2.1.6+b7096da872
	- fabric-key-binding-api-v1 1.0.28+aaaf9d3372
	- fabric-lifecycle-events-v1 2.2.8+2894d6df72
	- fabric-loot-api-v2 1.1.17+75e9821172
	- fabric-message-api-v1 5.0.12+6ede1da972
	- fabric-mining-level-api-v1 2.1.28+49abcf7e72
	- fabric-models-v0 0.3.25+11ba9c3b72
	- fabric-networking-api-v1 1.2.14+d9ac3c3972
	- fabric-object-builder-api-v1 5.1.6+49abcf7e72
	- fabric-particles-v1 1.0.18+fbde993d72
	- fabric-registry-sync-v0 2.0.1+2608564672
	- fabric-renderer-api-v1 2.1.0+2063beff72
	- fabric-renderer-indigo 0.6.23+11ba9c3b72
	- fabric-rendering-data-attachment-v1 0.3.23+48349a3f72
	- fabric-rendering-fluids-v1 3.0.16+3067f46372
	- fabric-rendering-v1 1.11.7+49abcf7e72
	- fabric-resource-conditions-api-v1 2.2.0+280be3ab72
	- fabric-resource-loader-v0 0.10.2+f6c919d672
	- fabric-screen-api-v1 1.0.38+8c84281072
	- fabric-screen-handler-api-v1 1.3.10+689f5e7172
	- fabric-sound-api-v1 1.0.6+75e9821172
	- fabric-transfer-api-v1 2.1.11+28ac448f72
	- fabric-transitive-access-wideners-v1 2.1.0+0efcd39b72
	- fabricloader 0.14.11
	- java 19
	- minecraft 1.19.3
	- tvstudio 1.13.0
[01:24:06] [main/INFO] (FabricLoader/Mixin) SpongePowered MIXIN Subsystem Version=0.8.5 Source=file:/Users/joppebijlsma/.gradle/caches/modules-2/files-2.1/net.fabricmc/sponge-mixin/0.11.4+mixin.0.8.5/c1dc27696aa4006e492c2485c9ccbcb26045a971/sponge-mixin-0.11.4+mixin.0.8.5.jar Service=Knot/Fabric Env=CLIENT
[01:24:06] [main/INFO] (FabricLoader/Mixin) Loaded Fabric development mappings for mixin remapper!
[01:24:06] [main/INFO] (FabricLoader/Mixin) Compatibility level set to JAVA_16
[01:24:06] [main/INFO] (FabricLoader/Mixin) Compatibility level set to JAVA_17
[01:24:07] [main/WARN] (FileUtil) Configuration conflict: there is more than one oshi.properties file on the classpath: [jar:file:/Users/joppebijlsma/.gradle/caches/modules-2/files-2.1/com.github.oshi/oshi-core/6.2.2/54f5efc19bca95d709d9a37d19ffcbba3d21c1a6/oshi-core-6.2.2.jar!/oshi.properties, jar:file:/Users/joppebijlsma/.gradle/caches/modules-2/files-2.1/com.github.oshi/oshi-core/6.2.2/54f5efc19bca95d709d9a37d19ffcbba3d21c1a6/oshi-core-6.2.2.jar!/oshi.properties]
[01:24:07] [main/WARN] (FileUtil) Configuration conflict: there is more than one oshi.architecture.properties file on the classpath: [jar:file:/Users/joppebijlsma/.gradle/caches/modules-2/files-2.1/com.github.oshi/oshi-core/6.2.2/54f5efc19bca95d709d9a37d19ffcbba3d21c1a6/oshi-core-6.2.2.jar!/oshi.architecture.properties, jar:file:/Users/joppebijlsma/.gradle/caches/modules-2/files-2.1/com.github.oshi/oshi-core/6.2.2/54f5efc19bca95d709d9a37d19ffcbba3d21c1a6/oshi-core-6.2.2.jar!/oshi.architecture.properties]
[01:24:09] [main/INFO] (Minecraft) Building optimized datafixer
[01:24:11] [Render thread/INFO] (Minecraft) Environment: authHost='https://authserver.mojang.com', accountsHost='https://api.mojang.com', sessionHost='https://sessionserver.mojang.com', servicesHost='https://api.minecraftservices.com', name='PROD'
[01:24:11] [Render thread/ERROR] (fabric-screen-api-v1) Failed to verify authentication
com.mojang.authlib.exceptions.InvalidCredentialsException: Status: 401
	at com.mojang.authlib.exceptions.MinecraftClientHttpException.toAuthenticationException(MinecraftClientHttpException.java:56) ~[authlib-3.16.29.jar:?]
	at com.mojang.authlib.yggdrasil.YggdrasilUserApiService.fetchProperties(YggdrasilUserApiService.java:156) ~[authlib-3.16.29.jar:?]
	at com.mojang.authlib.yggdrasil.YggdrasilUserApiService.<init>(YggdrasilUserApiService.java:55) ~[authlib-3.16.29.jar:?]
	at com.mojang.authlib.yggdrasil.YggdrasilAuthenticationService.createUserApiService(YggdrasilAuthenticationService.java:161) ~[authlib-3.16.29.jar:?]
	at net.minecraft.client.MinecraftClient.createUserApiService(MinecraftClient.java:709) ~[minecraft-project-@-merged-named.jar:?]
	at net.minecraft.client.MinecraftClient.<init>(MinecraftClient.java:504) ~[minecraft-project-@-merged-named.jar:?]
	at net.minecraft.client.main.Main.main(Main.java:185) ~[minecraft-project-@-merged-named.jar:?]
	at net.minecraft.client.main.Main.main(Main.java:56) ~[minecraft-project-@-merged-named.jar:?]
	at net.fabricmc.loader.impl.game.minecraft.MinecraftGameProvider.launch(MinecraftGameProvider.java:461) ~[fabric-loader-0.14.11.jar:?]
	at net.fabricmc.loader.impl.launch.knot.Knot.launch(Knot.java:74) ~[fabric-loader-0.14.11.jar:?]
	at net.fabricmc.loader.impl.launch.knot.KnotClient.main(KnotClient.java:23) ~[fabric-loader-0.14.11.jar:?]
	at net.fabricmc.devlaunchinjector.Main.main(Main.java:86) ~[dev-launch-injector-0.2.1+build.8.jar:?]
Caused by: com.mojang.authlib.exceptions.MinecraftClientHttpException: Status: 401
	at com.mojang.authlib.minecraft.client.MinecraftClient.readInputStream(MinecraftClient.java:87) ~[authlib-3.16.29.jar:?]
	at com.mojang.authlib.minecraft.client.MinecraftClient.get(MinecraftClient.java:48) ~[authlib-3.16.29.jar:?]
	at com.mojang.authlib.yggdrasil.YggdrasilUserApiService.fetchProperties(YggdrasilUserApiService.java:129) ~[authlib-3.16.29.jar:?]
	... 10 more
[01:24:11] [Render thread/INFO] (fabric-screen-api-v1) Setting user: Player740
[01:24:12] [Render thread/INFO] (Indigo) [Indigo] Registering Indigo renderer!
[01:24:12] [Render thread/INFO] (fabric-screen-api-v1) Backend library: LWJGL version 3.3.1 SNAPSHOT
[01:24:12] [Render thread/INFO] (Minecraft) [STDERR]: [LWJGL] [ThreadLocalUtil] Unsupported JNI version detected, this may result in a crash. Please inform LWJGL developers.
[01:24:13] [Render thread/INFO] (Minecraft) Reloading ResourceManager: vanilla, Fabric Mods (Fabric BlockRenderLayer Registration (v1), Fabric Entity Events (v1), Fabric Item Group API (v1), Fabric Lifecycle Events (v1), Tv Studio, Fabric API, Fabric Command API (v2), Fabric Screen Handler API (v1), Fabric Resource Loader (v0), Fabric Rendering Fluids (v1), Fabric Renderer API (v1), Fabric Mining Level API (v1), Fabric Events Interaction (v0), Fabric Biome API (v1), Fabric Rendering Data Attachment (v1), Fabric Key Binding API (v1), Fabric Content Registries (v0), Fabric Registry Sync (v0), Fabric Data Generation API (v1), Fabric Loader, Fabric Crash Report Info (v1), Fabric Item API (v1), Fabric Convention Tags, Fabric Screen API (v1), Fabric Particles (v1), Fabric Transitive Access Wideners (v1), Fabric API Lookup API (v1), Fabric Client Tags, Fabric Loot API (v2), Fabric Object Builder API (v1), Fabric Game Rule API (v1), Fabric Rendering (v1), Fabric Networking API (v1), Fabric Transfer API (v1), Fabric Dimensions API (v1), Fabric Renderer - Indigo, Fabric API Base, Fabric Message API (v1), Fabric Models (v0), Fabric Sound API (v1), Fabric Resource Conditions API (v1), Fabric Game Test API (v1))
[01:24:14] [Realms Notification Availability checker #1/INFO] (Minecraft) Could not authorize you against Realms server: Invalid session id
[01:24:14] [Worker-Main-11/WARN] (Minecraft) Exception loading blockstate definition: 'tvstudio:blockstates/set_wall_netherrack.json' missing model for variant: 'tvstudio:set_wall_netherrack#facing=west'
[01:24:14] [Worker-Main-11/WARN] (Minecraft) Exception loading blockstate definition: 'tvstudio:blockstates/set_wall_netherrack.json' missing model for variant: 'tvstudio:set_wall_netherrack#facing=south'
[01:24:14] [Worker-Main-11/WARN] (Minecraft) Exception loading blockstate definition: 'tvstudio:blockstates/set_wall_netherrack.json' missing model for variant: 'tvstudio:set_wall_netherrack#facing=east'
[01:24:14] [Worker-Main-11/WARN] (Minecraft) Exception loading blockstate definition: 'tvstudio:blockstates/set_wall_netherrack.json' missing model for variant: 'tvstudio:set_wall_netherrack#facing=north'
[01:24:15] [Worker-Main-11/WARN] (Minecraft) Missing textures in model tvstudio:set_wall_support#inventory:
    minecraft:textures/atlas/blocks.png:tvstudio:items/set_wall_support
[01:24:15] [Render thread/WARN] (Minecraft) Missing sound for event: minecraft:item.goat_horn.play
[01:24:15] [Render thread/WARN] (Minecraft) Missing sound for event: minecraft:entity.goat.screaming.horn_break
[01:24:15] [Render thread/INFO] (Minecraft) OpenAL initialized on device CoreAudio Default
[01:24:15] [Render thread/INFO] (Minecraft) Sound engine started
[01:24:15] [Render thread/INFO] (Minecraft) Created: 1024x1024x4 minecraft:textures/atlas/blocks.png-atlas
[01:24:15] [Render thread/INFO] (Minecraft) Created: 512x256x4 minecraft:textures/atlas/signs.png-atlas
[01:24:15] [Render thread/INFO] (Minecraft) Created: 1024x512x4 minecraft:textures/atlas/banner_patterns.png-atlas
[01:24:15] [Render thread/INFO] (Minecraft) Created: 1024x512x4 minecraft:textures/atlas/shield_patterns.png-atlas
[01:24:15] [Render thread/INFO] (Minecraft) Created: 256x256x4 minecraft:textures/atlas/chest.png-atlas
[01:24:15] [Render thread/INFO] (Minecraft) Created: 512x256x4 minecraft:textures/atlas/shulker_boxes.png-atlas
[01:24:15] [Render thread/INFO] (Minecraft) Created: 512x256x4 minecraft:textures/atlas/beds.png-atlas
[01:24:15] [Render thread/WARN] (Minecraft) Shader rendertype_entity_translucent_emissive could not find sampler named Sampler2 in the specified shader program.
[01:24:15] [Render thread/INFO] (Minecraft) Created: 512x256x0 minecraft:textures/atlas/particles.png-atlas
[01:24:15] [Render thread/INFO] (Minecraft) Created: 256x256x0 minecraft:textures/atlas/paintings.png-atlas
[01:24:15] [Render thread/INFO] (Minecraft) Created: 256x128x0 minecraft:textures/atlas/mob_effects.png-atlas
[01:24:20] [Render thread/ERROR] (Minecraft) Parsing error loading recipe tvstudio:swatching
com.google.gson.JsonSyntaxException: Invalid or unsupported recipe type 'tvstudio:crafting_special_swatching'
	at net.minecraft.recipe.RecipeManager.method_17875(RecipeManager.java:238) ~[minecraft-project-@-merged-named.jar:?]
	at java.util.Optional.orElseThrow(Optional.java:403) ~[?:?]
	at net.minecraft.recipe.RecipeManager.deserialize(RecipeManager.java:238) ~[minecraft-project-@-merged-named.jar:?]
	at net.minecraft.recipe.RecipeManager.apply(RecipeManager.java:69) ~[minecraft-project-@-merged-named.jar:?]
	at net.minecraft.recipe.RecipeManager.apply(RecipeManager.java:58) ~[minecraft-project-@-merged-named.jar:?]
	at net.minecraft.resource.SinglePreparationResourceReloader.method_18790(SinglePreparationResourceReloader.java:23) ~[minecraft-project-@-merged-named.jar:?]
	at java.util.concurrent.CompletableFuture$UniAccept.tryFire(CompletableFuture.java:718) ~[?:?]
	at java.util.concurrent.CompletableFuture$Completion.run(CompletableFuture.java:482) ~[?:?]
	at net.minecraft.resource.SimpleResourceReload.method_18365(SimpleResourceReload.java:90) ~[minecraft-project-@-merged-named.jar:?]
	at net.minecraft.util.thread.ThreadExecutor.executeTask(ThreadExecutor.java:150) ~[minecraft-project-@-merged-named.jar:?]
	at net.minecraft.util.thread.ReentrantThreadExecutor.executeTask(ReentrantThreadExecutor.java:29) ~[minecraft-project-@-merged-named.jar:?]
	at net.minecraft.util.thread.ThreadExecutor.runTask(ThreadExecutor.java:126) ~[minecraft-project-@-merged-named.jar:?]
	at net.minecraft.util.thread.ThreadExecutor.runTasks(ThreadExecutor.java:134) ~[minecraft-project-@-merged-named.jar:?]
	at net.minecraft.server.integrated.IntegratedServerLoader.load(IntegratedServerLoader.java:161) ~[minecraft-project-@-merged-named.jar:?]
	at net.minecraft.server.integrated.IntegratedServerLoader.createSaveLoader(IntegratedServerLoader.java:114) ~[minecraft-project-@-merged-named.jar:?]
	at net.minecraft.server.integrated.IntegratedServerLoader.start(IntegratedServerLoader.java:174) ~[minecraft-project-@-merged-named.jar:?]
	at net.minecraft.server.integrated.IntegratedServerLoader.start(IntegratedServerLoader.java:69) ~[minecraft-project-@-merged-named.jar:?]
	at net.minecraft.client.gui.screen.world.WorldListWidget$WorldEntry.start(WorldListWidget.java:231) ~[minecraft-project-@-merged-named.jar:?]
	at net.minecraft.client.gui.screen.world.WorldListWidget$WorldEntry.play(WorldListWidget.java:231) ~[minecraft-project-@-merged-named.jar:?]
	at net.minecraft.client.gui.screen.world.WorldListWidget$WorldEntry.mouseClicked(WorldListWidget.java:231) ~[minecraft-project-@-merged-named.jar:?]
	at net.minecraft.client.gui.widget.EntryListWidget.mouseClicked(EntryListWidget.java:347) ~[minecraft-project-@-merged-named.jar:?]
	at net.minecraft.client.gui.ParentElement.mouseClicked(ParentElement.java:41) ~[minecraft-project-@-merged-named.jar:?]
	at net.minecraft.client.Mouse.method_1611(Mouse.java:89) ~[minecraft-project-@-merged-named.jar:?]
	at net.minecraft.client.gui.screen.Screen.wrapScreenError(Screen.java:500) ~[minecraft-project-@-merged-named.jar:?]
	at net.minecraft.client.Mouse.onMouseButton(Mouse.java:89) ~[minecraft-project-@-merged-named.jar:?]
	at net.minecraft.client.Mouse.method_22686(Mouse.java:167) ~[minecraft-project-@-merged-named.jar:?]
	at net.minecraft.util.thread.ThreadExecutor.execute(ThreadExecutor.java:101) ~[minecraft-project-@-merged-named.jar:?]
	at net.minecraft.client.Mouse.method_22684(Mouse.java:167) ~[minecraft-project-@-merged-named.jar:?]
	at org.lwjgl.glfw.GLFWMouseButtonCallbackI.callback(GLFWMouseButtonCallbackI.java:43) ~[lwjgl-glfw-3.3.1.jar:build 7]
	at org.lwjgl.system.JNI.invokeV(Native Method) ~[lwjgl-3.3.1.jar:build 7]
	at org.lwjgl.glfw.GLFW.glfwWaitEventsTimeout(GLFW.java:3474) ~[lwjgl-glfw-3.3.1.jar:build 7]
	at com.mojang.blaze3d.systems.RenderSystem.limitDisplayFPS(RenderSystem.java:176) ~[minecraft-project-@-merged-named.jar:?]
	at net.minecraft.client.MinecraftClient.render(MinecraftClient.java:1140) ~[minecraft-project-@-merged-named.jar:?]
	at net.minecraft.client.MinecraftClient.run(MinecraftClient.java:760) ~[minecraft-project-@-merged-named.jar:?]
	at net.minecraft.client.main.Main.main(Main.java:220) ~[minecraft-project-@-merged-named.jar:?]
	at net.minecraft.client.main.Main.main(Main.java:56) ~[minecraft-project-@-merged-named.jar:?]
	at net.fabricmc.loader.impl.game.minecraft.MinecraftGameProvider.launch(MinecraftGameProvider.java:461) ~[fabric-loader-0.14.11.jar:?]
	at net.fabricmc.loader.impl.launch.knot.Knot.launch(Knot.java:74) ~[fabric-loader-0.14.11.jar:?]
	at net.fabricmc.loader.impl.launch.knot.KnotClient.main(KnotClient.java:23) ~[fabric-loader-0.14.11.jar:?]
	at net.fabricmc.devlaunchinjector.Main.main(Main.java:86) ~[dev-launch-injector-0.2.1+build.8.jar:?]
[01:24:20] [Render thread/ERROR] (Minecraft) Parsing error loading recipe tvstudio:set_wall_support
com.google.gson.JsonSyntaxException: Unknown item 'tvstudio:chipboard'
	at net.minecraft.recipe.ShapedRecipe.method_17878(ShapedRecipe.java:283) ~[minecraft-project-@-merged-named.jar:?]
	at java.util.Optional.orElseThrow(Optional.java:403) ~[?:?]
	at net.minecraft.recipe.ShapedRecipe.getItem(ShapedRecipe.java:283) ~[minecraft-project-@-merged-named.jar:?]
	at net.minecraft.recipe.Ingredient.entryFromJson(Ingredient.java:153) ~[minecraft-project-@-merged-named.jar:?]
	at net.minecraft.recipe.Ingredient.fromJson(Ingredient.java:136) ~[minecraft-project-@-merged-named.jar:?]
	at net.minecraft.recipe.ShapedRecipe.readSymbols(ShapedRecipe.java:262) ~[minecraft-project-@-merged-named.jar:?]
	at net.minecraft.recipe.ShapedRecipe$Serializer.read(ShapedRecipe.java:286) ~[minecraft-project-@-merged-named.jar:?]
	at net.minecraft.recipe.ShapedRecipe$Serializer.read(ShapedRecipe.java:286) ~[minecraft-project-@-merged-named.jar:?]
	at net.minecraft.recipe.RecipeManager.deserialize(RecipeManager.java:238) ~[minecraft-project-@-merged-named.jar:?]
	at net.minecraft.recipe.RecipeManager.apply(RecipeManager.java:69) ~[minecraft-project-@-merged-named.jar:?]
	at net.minecraft.recipe.RecipeManager.apply(RecipeManager.java:58) ~[minecraft-project-@-merged-named.jar:?]
	at net.minecraft.resource.SinglePreparationResourceReloader.method_18790(SinglePreparationResourceReloader.java:23) ~[minecraft-project-@-merged-named.jar:?]
	at java.util.concurrent.CompletableFuture$UniAccept.tryFire(CompletableFuture.java:718) ~[?:?]
	at java.util.concurrent.CompletableFuture$Completion.run(CompletableFuture.java:482) ~[?:?]
	at net.minecraft.resource.SimpleResourceReload.method_18365(SimpleResourceReload.java:90) ~[minecraft-project-@-merged-named.jar:?]
	at net.minecraft.util.thread.ThreadExecutor.executeTask(ThreadExecutor.java:150) ~[minecraft-project-@-merged-named.jar:?]
	at net.minecraft.util.thread.ReentrantThreadExecutor.executeTask(ReentrantThreadExecutor.java:29) ~[minecraft-project-@-merged-named.jar:?]
	at net.minecraft.util.thread.ThreadExecutor.runTask(ThreadExecutor.java:126) ~[minecraft-project-@-merged-named.jar:?]
	at net.minecraft.util.thread.ThreadExecutor.runTasks(ThreadExecutor.java:134) ~[minecraft-project-@-merged-named.jar:?]
	at net.minecraft.server.integrated.IntegratedServerLoader.load(IntegratedServerLoader.java:161) ~[minecraft-project-@-merged-named.jar:?]
	at net.minecraft.server.integrated.IntegratedServerLoader.createSaveLoader(IntegratedServerLoader.java:114) ~[minecraft-project-@-merged-named.jar:?]
	at net.minecraft.server.integrated.IntegratedServerLoader.start(IntegratedServerLoader.java:174) ~[minecraft-project-@-merged-named.jar:?]
	at net.minecraft.server.integrated.IntegratedServerLoader.start(IntegratedServerLoader.java:69) ~[minecraft-project-@-merged-named.jar:?]
	at net.minecraft.client.gui.screen.world.WorldListWidget$WorldEntry.start(WorldListWidget.java:231) ~[minecraft-project-@-merged-named.jar:?]
	at net.minecraft.client.gui.screen.world.WorldListWidget$WorldEntry.play(WorldListWidget.java:231) ~[minecraft-project-@-merged-named.jar:?]
	at net.minecraft.client.gui.screen.world.WorldListWidget$WorldEntry.mouseClicked(WorldListWidget.java:231) ~[minecraft-project-@-merged-named.jar:?]
	at net.minecraft.client.gui.widget.EntryListWidget.mouseClicked(EntryListWidget.java:347) ~[minecraft-project-@-merged-named.jar:?]
	at net.minecraft.client.gui.ParentElement.mouseClicked(ParentElement.java:41) ~[minecraft-project-@-merged-named.jar:?]
	at net.minecraft.client.Mouse.method_1611(Mouse.java:89) ~[minecraft-project-@-merged-named.jar:?]
	at net.minecraft.client.gui.screen.Screen.wrapScreenError(Screen.java:500) ~[minecraft-project-@-merged-named.jar:?]
	at net.minecraft.client.Mouse.onMouseButton(Mouse.java:89) ~[minecraft-project-@-merged-named.jar:?]
	at net.minecraft.client.Mouse.method_22686(Mouse.java:167) ~[minecraft-project-@-merged-named.jar:?]
	at net.minecraft.util.thread.ThreadExecutor.execute(ThreadExecutor.java:101) ~[minecraft-project-@-merged-named.jar:?]
	at net.minecraft.client.Mouse.method_22684(Mouse.java:167) ~[minecraft-project-@-merged-named.jar:?]
	at org.lwjgl.glfw.GLFWMouseButtonCallbackI.callback(GLFWMouseButtonCallbackI.java:43) ~[lwjgl-glfw-3.3.1.jar:build 7]
	at org.lwjgl.system.JNI.invokeV(Native Method) ~[lwjgl-3.3.1.jar:build 7]
	at org.lwjgl.glfw.GLFW.glfwWaitEventsTimeout(GLFW.java:3474) ~[lwjgl-glfw-3.3.1.jar:build 7]
	at com.mojang.blaze3d.systems.RenderSystem.limitDisplayFPS(RenderSystem.java:176) ~[minecraft-project-@-merged-named.jar:?]
	at net.minecraft.client.MinecraftClient.render(MinecraftClient.java:1140) ~[minecraft-project-@-merged-named.jar:?]
	at net.minecraft.client.MinecraftClient.run(MinecraftClient.java:760) ~[minecraft-project-@-merged-named.jar:?]
	at net.minecraft.client.main.Main.main(Main.java:220) ~[minecraft-project-@-merged-named.jar:?]
	at net.minecraft.client.main.Main.main(Main.java:56) ~[minecraft-project-@-merged-named.jar:?]
	at net.fabricmc.loader.impl.game.minecraft.MinecraftGameProvider.launch(MinecraftGameProvider.java:461) ~[fabric-loader-0.14.11.jar:?]
	at net.fabricmc.loader.impl.launch.knot.Knot.launch(Knot.java:74) ~[fabric-loader-0.14.11.jar:?]
	at net.fabricmc.loader.impl.launch.knot.KnotClient.main(KnotClient.java:23) ~[fabric-loader-0.14.11.jar:?]
	at net.fabricmc.devlaunchinjector.Main.main(Main.java:86) ~[dev-launch-injector-0.2.1+build.8.jar:?]
[01:24:20] [Render thread/ERROR] (Minecraft) Parsing error loading recipe tvstudio:swatch
com.google.gson.JsonSyntaxException: Unknown item 'tvstudio:swatch'
	at net.minecraft.recipe.ShapedRecipe.method_17878(ShapedRecipe.java:283) ~[minecraft-project-@-merged-named.jar:?]
	at java.util.Optional.orElseThrow(Optional.java:403) ~[?:?]
	at net.minecraft.recipe.ShapedRecipe.getItem(ShapedRecipe.java:283) ~[minecraft-project-@-merged-named.jar:?]
	at net.minecraft.recipe.ShapedRecipe.outputFromJson(ShapedRecipe.java:269) ~[minecraft-project-@-merged-named.jar:?]
	at net.minecraft.recipe.ShapedRecipe$Serializer.read(ShapedRecipe.java:286) ~[minecraft-project-@-merged-named.jar:?]
	at net.minecraft.recipe.ShapedRecipe$Serializer.read(ShapedRecipe.java:286) ~[minecraft-project-@-merged-named.jar:?]
	at net.minecraft.recipe.RecipeManager.deserialize(RecipeManager.java:238) ~[minecraft-project-@-merged-named.jar:?]
	at net.minecraft.recipe.RecipeManager.apply(RecipeManager.java:69) ~[minecraft-project-@-merged-named.jar:?]
	at net.minecraft.recipe.RecipeManager.apply(RecipeManager.java:58) ~[minecraft-project-@-merged-named.jar:?]
	at net.minecraft.resource.SinglePreparationResourceReloader.method_18790(SinglePreparationResourceReloader.java:23) ~[minecraft-project-@-merged-named.jar:?]
	at java.util.concurrent.CompletableFuture$UniAccept.tryFire(CompletableFuture.java:718) ~[?:?]
	at java.util.concurrent.CompletableFuture$Completion.run(CompletableFuture.java:482) ~[?:?]
	at net.minecraft.resource.SimpleResourceReload.method_18365(SimpleResourceReload.java:90) ~[minecraft-project-@-merged-named.jar:?]
	at net.minecraft.util.thread.ThreadExecutor.executeTask(ThreadExecutor.java:150) ~[minecraft-project-@-merged-named.jar:?]
	at net.minecraft.util.thread.ReentrantThreadExecutor.executeTask(ReentrantThreadExecutor.java:29) ~[minecraft-project-@-merged-named.jar:?]
	at net.minecraft.util.thread.ThreadExecutor.runTask(ThreadExecutor.java:126) ~[minecraft-project-@-merged-named.jar:?]
	at net.minecraft.util.thread.ThreadExecutor.runTasks(ThreadExecutor.java:134) ~[minecraft-project-@-merged-named.jar:?]
	at net.minecraft.server.integrated.IntegratedServerLoader.load(IntegratedServerLoader.java:161) ~[minecraft-project-@-merged-named.jar:?]
	at net.minecraft.server.integrated.IntegratedServerLoader.createSaveLoader(IntegratedServerLoader.java:114) ~[minecraft-project-@-merged-named.jar:?]
	at net.minecraft.server.integrated.IntegratedServerLoader.start(IntegratedServerLoader.java:174) ~[minecraft-project-@-merged-named.jar:?]
	at net.minecraft.server.integrated.IntegratedServerLoader.start(IntegratedServerLoader.java:69) ~[minecraft-project-@-merged-named.jar:?]
	at net.minecraft.client.gui.screen.world.WorldListWidget$WorldEntry.start(WorldListWidget.java:231) ~[minecraft-project-@-merged-named.jar:?]
	at net.minecraft.client.gui.screen.world.WorldListWidget$WorldEntry.play(WorldListWidget.java:231) ~[minecraft-project-@-merged-named.jar:?]
	at net.minecraft.client.gui.screen.world.WorldListWidget$WorldEntry.mouseClicked(WorldListWidget.java:231) ~[minecraft-project-@-merged-named.jar:?]
	at net.minecraft.client.gui.widget.EntryListWidget.mouseClicked(EntryListWidget.java:347) ~[minecraft-project-@-merged-named.jar:?]
	at net.minecraft.client.gui.ParentElement.mouseClicked(ParentElement.java:41) ~[minecraft-project-@-merged-named.jar:?]
	at net.minecraft.client.Mouse.method_1611(Mouse.java:89) ~[minecraft-project-@-merged-named.jar:?]
	at net.minecraft.client.gui.screen.Screen.wrapScreenError(Screen.java:500) ~[minecraft-project-@-merged-named.jar:?]
	at net.minecraft.client.Mouse.onMouseButton(Mouse.java:89) ~[minecraft-project-@-merged-named.jar:?]
	at net.minecraft.client.Mouse.method_22686(Mouse.java:167) ~[minecraft-project-@-merged-named.jar:?]
	at net.minecraft.util.thread.ThreadExecutor.execute(ThreadExecutor.java:101) ~[minecraft-project-@-merged-named.jar:?]
	at net.minecraft.client.Mouse.method_22684(Mouse.java:167) ~[minecraft-project-@-merged-named.jar:?]
	at org.lwjgl.glfw.GLFWMouseButtonCallbackI.callback(GLFWMouseButtonCallbackI.java:43) ~[lwjgl-glfw-3.3.1.jar:build 7]
	at org.lwjgl.system.JNI.invokeV(Native Method) ~[lwjgl-3.3.1.jar:build 7]
	at org.lwjgl.glfw.GLFW.glfwWaitEventsTimeout(GLFW.java:3474) ~[lwjgl-glfw-3.3.1.jar:build 7]
	at com.mojang.blaze3d.systems.RenderSystem.limitDisplayFPS(RenderSystem.java:176) ~[minecraft-project-@-merged-named.jar:?]
	at net.minecraft.client.MinecraftClient.render(MinecraftClient.java:1140) ~[minecraft-project-@-merged-named.jar:?]
	at net.minecraft.client.MinecraftClient.run(MinecraftClient.java:760) ~[minecraft-project-@-merged-named.jar:?]
	at net.minecraft.client.main.Main.main(Main.java:220) ~[minecraft-project-@-merged-named.jar:?]
	at net.minecraft.client.main.Main.main(Main.java:56) ~[minecraft-project-@-merged-named.jar:?]
	at net.fabricmc.loader.impl.game.minecraft.MinecraftGameProvider.launch(MinecraftGameProvider.java:461) ~[fabric-loader-0.14.11.jar:?]
	at net.fabricmc.loader.impl.launch.knot.Knot.launch(Knot.java:74) ~[fabric-loader-0.14.11.jar:?]
	at net.fabricmc.loader.impl.launch.knot.KnotClient.main(KnotClient.java:23) ~[fabric-loader-0.14.11.jar:?]
	at net.fabricmc.devlaunchinjector.Main.main(Main.java:86) ~[dev-launch-injector-0.2.1+build.8.jar:?]
[01:24:20] [Render thread/ERROR] (Minecraft) Parsing error loading recipe tvstudio:set_wall_powder_snow
com.google.gson.JsonSyntaxException: Unknown item 'minecraft:powder_snow'
	at net.minecraft.recipe.ShapedRecipe.method_17878(ShapedRecipe.java:283) ~[minecraft-project-@-merged-named.jar:?]
	at java.util.Optional.orElseThrow(Optional.java:403) ~[?:?]
	at net.minecraft.recipe.ShapedRecipe.getItem(ShapedRecipe.java:283) ~[minecraft-project-@-merged-named.jar:?]
	at net.minecraft.recipe.Ingredient.entryFromJson(Ingredient.java:153) ~[minecraft-project-@-merged-named.jar:?]
	at net.minecraft.recipe.Ingredient.fromJson(Ingredient.java:136) ~[minecraft-project-@-merged-named.jar:?]
	at net.minecraft.recipe.ShapelessRecipe$Serializer.getIngredients(ShapelessRecipe.java:90) ~[minecraft-project-@-merged-named.jar:?]
	at net.minecraft.recipe.ShapelessRecipe$Serializer.read(ShapelessRecipe.java:90) ~[minecraft-project-@-merged-named.jar:?]
	at net.minecraft.recipe.ShapelessRecipe$Serializer.read(ShapelessRecipe.java:90) ~[minecraft-project-@-merged-named.jar:?]
	at net.minecraft.recipe.RecipeManager.deserialize(RecipeManager.java:238) ~[minecraft-project-@-merged-named.jar:?]
	at net.minecraft.recipe.RecipeManager.apply(RecipeManager.java:69) ~[minecraft-project-@-merged-named.jar:?]
	at net.minecraft.recipe.RecipeManager.apply(RecipeManager.java:58) ~[minecraft-project-@-merged-named.jar:?]
	at net.minecraft.resource.SinglePreparationResourceReloader.method_18790(SinglePreparationResourceReloader.java:23) ~[minecraft-project-@-merged-named.jar:?]
	at java.util.concurrent.CompletableFuture$UniAccept.tryFire(CompletableFuture.java:718) ~[?:?]
	at java.util.concurrent.CompletableFuture$Completion.run(CompletableFuture.java:482) ~[?:?]
	at net.minecraft.resource.SimpleResourceReload.method_18365(SimpleResourceReload.java:90) ~[minecraft-project-@-merged-named.jar:?]
	at net.minecraft.util.thread.ThreadExecutor.executeTask(ThreadExecutor.java:150) ~[minecraft-project-@-merged-named.jar:?]
	at net.minecraft.util.thread.ReentrantThreadExecutor.executeTask(ReentrantThreadExecutor.java:29) ~[minecraft-project-@-merged-named.jar:?]
	at net.minecraft.util.thread.ThreadExecutor.runTask(ThreadExecutor.java:126) ~[minecraft-project-@-merged-named.jar:?]
	at net.minecraft.util.thread.ThreadExecutor.runTasks(ThreadExecutor.java:134) ~[minecraft-project-@-merged-named.jar:?]
	at net.minecraft.server.integrated.IntegratedServerLoader.load(IntegratedServerLoader.java:161) ~[minecraft-project-@-merged-named.jar:?]
	at net.minecraft.server.integrated.IntegratedServerLoader.createSaveLoader(IntegratedServerLoader.java:114) ~[minecraft-project-@-merged-named.jar:?]
	at net.minecraft.server.integrated.IntegratedServerLoader.start(IntegratedServerLoader.java:174) ~[minecraft-project-@-merged-named.jar:?]
	at net.minecraft.server.integrated.IntegratedServerLoader.start(IntegratedServerLoader.java:69) ~[minecraft-project-@-merged-named.jar:?]
	at net.minecraft.client.gui.screen.world.WorldListWidget$WorldEntry.start(WorldListWidget.java:231) ~[minecraft-project-@-merged-named.jar:?]
	at net.minecraft.client.gui.screen.world.WorldListWidget$WorldEntry.play(WorldListWidget.java:231) ~[minecraft-project-@-merged-named.jar:?]
	at net.minecraft.client.gui.screen.world.WorldListWidget$WorldEntry.mouseClicked(WorldListWidget.java:231) ~[minecraft-project-@-merged-named.jar:?]
	at net.minecraft.client.gui.widget.EntryListWidget.mouseClicked(EntryListWidget.java:347) ~[minecraft-project-@-merged-named.jar:?]
	at net.minecraft.client.gui.ParentElement.mouseClicked(ParentElement.java:41) ~[minecraft-project-@-merged-named.jar:?]
	at net.minecraft.client.Mouse.method_1611(Mouse.java:89) ~[minecraft-project-@-merged-named.jar:?]
	at net.minecraft.client.gui.screen.Screen.wrapScreenError(Screen.java:500) ~[minecraft-project-@-merged-named.jar:?]
	at net.minecraft.client.Mouse.onMouseButton(Mouse.java:89) ~[minecraft-project-@-merged-named.jar:?]
	at net.minecraft.client.Mouse.method_22686(Mouse.java:167) ~[minecraft-project-@-merged-named.jar:?]
	at net.minecraft.util.thread.ThreadExecutor.execute(ThreadExecutor.java:101) ~[minecraft-project-@-merged-named.jar:?]
	at net.minecraft.client.Mouse.method_22684(Mouse.java:167) ~[minecraft-project-@-merged-named.jar:?]
	at org.lwjgl.glfw.GLFWMouseButtonCallbackI.callback(GLFWMouseButtonCallbackI.java:43) ~[lwjgl-glfw-3.3.1.jar:build 7]
	at org.lwjgl.system.JNI.invokeV(Native Method) ~[lwjgl-3.3.1.jar:build 7]
	at org.lwjgl.glfw.GLFW.glfwWaitEventsTimeout(GLFW.java:3474) ~[lwjgl-glfw-3.3.1.jar:build 7]
	at com.mojang.blaze3d.systems.RenderSystem.limitDisplayFPS(RenderSystem.java:176) ~[minecraft-project-@-merged-named.jar:?]
	at net.minecraft.client.MinecraftClient.render(MinecraftClient.java:1140) ~[minecraft-project-@-merged-named.jar:?]
	at net.minecraft.client.MinecraftClient.run(MinecraftClient.java:760) ~[minecraft-project-@-merged-named.jar:?]
	at net.minecraft.client.main.Main.main(Main.java:220) ~[minecraft-project-@-merged-named.jar:?]
	at net.minecraft.client.main.Main.main(Main.java:56) ~[minecraft-project-@-merged-named.jar:?]
	at net.fabricmc.loader.impl.game.minecraft.MinecraftGameProvider.launch(MinecraftGameProvider.java:461) ~[fabric-loader-0.14.11.jar:?]
	at net.fabricmc.loader.impl.launch.knot.Knot.launch(Knot.java:74) ~[fabric-loader-0.14.11.jar:?]
	at net.fabricmc.loader.impl.launch.knot.KnotClient.main(KnotClient.java:23) ~[fabric-loader-0.14.11.jar:?]
	at net.fabricmc.devlaunchinjector.Main.main(Main.java:86) ~[dev-launch-injector-0.2.1+build.8.jar:?]
[01:24:20] [Render thread/ERROR] (Minecraft) Parsing error loading recipe tvstudio:set_wall_packed_mud
com.google.gson.JsonSyntaxException: Unknown item 'tvstudio:set_wall_packed_mod'
	at net.minecraft.recipe.ShapedRecipe.method_17878(ShapedRecipe.java:283) ~[minecraft-project-@-merged-named.jar:?]
	at java.util.Optional.orElseThrow(Optional.java:403) ~[?:?]
	at net.minecraft.recipe.ShapedRecipe.getItem(ShapedRecipe.java:283) ~[minecraft-project-@-merged-named.jar:?]
	at net.minecraft.recipe.ShapedRecipe.outputFromJson(ShapedRecipe.java:269) ~[minecraft-project-@-merged-named.jar:?]
	at net.minecraft.recipe.ShapelessRecipe$Serializer.read(ShapelessRecipe.java:90) ~[minecraft-project-@-merged-named.jar:?]
	at net.minecraft.recipe.ShapelessRecipe$Serializer.read(ShapelessRecipe.java:90) ~[minecraft-project-@-merged-named.jar:?]
	at net.minecraft.recipe.RecipeManager.deserialize(RecipeManager.java:238) ~[minecraft-project-@-merged-named.jar:?]
	at net.minecraft.recipe.RecipeManager.apply(RecipeManager.java:69) ~[minecraft-project-@-merged-named.jar:?]
	at net.minecraft.recipe.RecipeManager.apply(RecipeManager.java:58) ~[minecraft-project-@-merged-named.jar:?]
	at net.minecraft.resource.SinglePreparationResourceReloader.method_18790(SinglePreparationResourceReloader.java:23) ~[minecraft-project-@-merged-named.jar:?]
	at java.util.concurrent.CompletableFuture$UniAccept.tryFire(CompletableFuture.java:718) ~[?:?]
	at java.util.concurrent.CompletableFuture$Completion.run(CompletableFuture.java:482) ~[?:?]
	at net.minecraft.resource.SimpleResourceReload.method_18365(SimpleResourceReload.java:90) ~[minecraft-project-@-merged-named.jar:?]
	at net.minecraft.util.thread.ThreadExecutor.executeTask(ThreadExecutor.java:150) ~[minecraft-project-@-merged-named.jar:?]
	at net.minecraft.util.thread.ReentrantThreadExecutor.executeTask(ReentrantThreadExecutor.java:29) ~[minecraft-project-@-merged-named.jar:?]
	at net.minecraft.util.thread.ThreadExecutor.runTask(ThreadExecutor.java:126) ~[minecraft-project-@-merged-named.jar:?]
	at net.minecraft.util.thread.ThreadExecutor.runTasks(ThreadExecutor.java:134) ~[minecraft-project-@-merged-named.jar:?]
	at net.minecraft.server.integrated.IntegratedServerLoader.load(IntegratedServerLoader.java:161) ~[minecraft-project-@-merged-named.jar:?]
	at net.minecraft.server.integrated.IntegratedServerLoader.createSaveLoader(IntegratedServerLoader.java:114) ~[minecraft-project-@-merged-named.jar:?]
	at net.minecraft.server.integrated.IntegratedServerLoader.start(IntegratedServerLoader.java:174) ~[minecraft-project-@-merged-named.jar:?]
	at net.minecraft.server.integrated.IntegratedServerLoader.start(IntegratedServerLoader.java:69) ~[minecraft-project-@-merged-named.jar:?]
	at net.minecraft.client.gui.screen.world.WorldListWidget$WorldEntry.start(WorldListWidget.java:231) ~[minecraft-project-@-merged-named.jar:?]
	at net.minecraft.client.gui.screen.world.WorldListWidget$WorldEntry.play(WorldListWidget.java:231) ~[minecraft-project-@-merged-named.jar:?]
	at net.minecraft.client.gui.screen.world.WorldListWidget$WorldEntry.mouseClicked(WorldListWidget.java:231) ~[minecraft-project-@-merged-named.jar:?]
	at net.minecraft.client.gui.widget.EntryListWidget.mouseClicked(EntryListWidget.java:347) ~[minecraft-project-@-merged-named.jar:?]
	at net.minecraft.client.gui.ParentElement.mouseClicked(ParentElement.java:41) ~[minecraft-project-@-merged-named.jar:?]
	at net.minecraft.client.Mouse.method_1611(Mouse.java:89) ~[minecraft-project-@-merged-named.jar:?]
	at net.minecraft.client.gui.screen.Screen.wrapScreenError(Screen.java:500) ~[minecraft-project-@-merged-named.jar:?]
	at net.minecraft.client.Mouse.onMouseButton(Mouse.java:89) ~[minecraft-project-@-merged-named.jar:?]
	at net.minecraft.client.Mouse.method_22686(Mouse.java:167) ~[minecraft-project-@-merged-named.jar:?]
	at net.minecraft.util.thread.ThreadExecutor.execute(ThreadExecutor.java:101) ~[minecraft-project-@-merged-named.jar:?]
	at net.minecraft.client.Mouse.method_22684(Mouse.java:167) ~[minecraft-project-@-merged-named.jar:?]
	at org.lwjgl.glfw.GLFWMouseButtonCallbackI.callback(GLFWMouseButtonCallbackI.java:43) ~[lwjgl-glfw-3.3.1.jar:build 7]
	at org.lwjgl.system.JNI.invokeV(Native Method) ~[lwjgl-3.3.1.jar:build 7]
	at org.lwjgl.glfw.GLFW.glfwWaitEventsTimeout(GLFW.java:3474) ~[lwjgl-glfw-3.3.1.jar:build 7]
	at com.mojang.blaze3d.systems.RenderSystem.limitDisplayFPS(RenderSystem.java:176) ~[minecraft-project-@-merged-named.jar:?]
	at net.minecraft.client.MinecraftClient.render(MinecraftClient.java:1140) ~[minecraft-project-@-merged-named.jar:?]
	at net.minecraft.client.MinecraftClient.run(MinecraftClient.java:760) ~[minecraft-project-@-merged-named.jar:?]
	at net.minecraft.client.main.Main.main(Main.java:220) ~[minecraft-project-@-merged-named.jar:?]
	at net.minecraft.client.main.Main.main(Main.java:56) ~[minecraft-project-@-merged-named.jar:?]
	at net.fabricmc.loader.impl.game.minecraft.MinecraftGameProvider.launch(MinecraftGameProvider.java:461) ~[fabric-loader-0.14.11.jar:?]
	at net.fabricmc.loader.impl.launch.knot.Knot.launch(Knot.java:74) ~[fabric-loader-0.14.11.jar:?]
	at net.fabricmc.loader.impl.launch.knot.KnotClient.main(KnotClient.java:23) ~[fabric-loader-0.14.11.jar:?]
	at net.fabricmc.devlaunchinjector.Main.main(Main.java:86) ~[dev-launch-injector-0.2.1+build.8.jar:?]
[01:24:20] [Render thread/INFO] (Minecraft) Loaded 7 recipes
[01:24:20] [Render thread/INFO] (Minecraft) Loaded 1180 advancements
[01:24:20] [Render thread/INFO] (BiomeModificationImpl) Applied 0 biome modifications to 0 of 63 new biomes in 712.1 μs
[01:24:20] [Server thread/INFO] (Minecraft) Starting integrated minecraft server version 1.19.3
[01:24:20] [Server thread/INFO] (Minecraft) Generating keypair
[01:24:22] [Server thread/INFO] (Minecraft) Preparing start region for dimension minecraft:overworld
[01:24:24] [Render thread/INFO] (Minecraft) Preparing spawn area: 0%
[01:24:24] [Render thread/INFO] (Minecraft) Preparing spawn area: 0%
[01:24:24] [Render thread/INFO] (Minecraft) Preparing spawn area: 0%
[01:24:24] [Render thread/INFO] (Minecraft) Preparing spawn area: 0%
[01:24:24] [Render thread/INFO] (Minecraft) Preparing spawn area: 0%
[01:24:25] [Render thread/INFO] (Minecraft) Preparing spawn area: 0%
[01:24:25] [Render thread/INFO] (Minecraft) Preparing spawn area: 0%
[01:24:26] [Render thread/INFO] (Minecraft) Preparing spawn area: 0%
[01:24:26] [Render thread/INFO] (Minecraft) Preparing spawn area: 13%
[01:24:28] [Render thread/INFO] (Minecraft) Time elapsed: 5138 ms
[01:24:28] [Server thread/INFO] (Minecraft) Changing view distance to 12, from 10
[01:24:28] [Server thread/INFO] (Minecraft) Changing simulation distance to 12, from 0
[01:24:28] [Server thread/INFO] (Minecraft) Player740[local:E:15ebdfea] logged in with entity id 154 at (-50.55355482307492, 71.0, -38.62661990770932)
[01:24:28] [Server thread/INFO] (Minecraft) Player740 joined the game
[01:24:28] [Render thread/INFO] (Minecraft) Loaded 4 advancements
[01:24:42] [Worker-Bootstrap-6/INFO] (Minecraft) 4445 Datafixer optimizations took 33201 milliseconds
[01:25:15] [Server thread/INFO] (Minecraft) Saving and pausing game...
[01:25:15] [Server thread/INFO] (Minecraft) Saving chunks for level 'ServerLevel[New World]'/minecraft:overworld
[01:25:15] [Server thread/INFO] (Minecraft) Saving chunks for level 'ServerLevel[New World]'/minecraft:the_nether
[01:25:15] [Server thread/INFO] (Minecraft) Saving chunks for level 'ServerLevel[New World]'/minecraft:the_end
[01:31:20] [Server thread/INFO] (Minecraft) Saving and pausing game...
[01:31:20] [Server thread/INFO] (Minecraft) Saving chunks for level 'ServerLevel[New World]'/minecraft:overworld
[01:31:20] [Server thread/INFO] (Minecraft) Saving chunks for level 'ServerLevel[New World]'/minecraft:the_nether
[01:31:20] [Server thread/INFO] (Minecraft) Saving chunks for level 'ServerLevel[New World]'/minecraft:the_end
[01:31:21] [Server thread/INFO] (Minecraft) Player740 lost connection: Disconnected
[01:31:21] [Server thread/INFO] (Minecraft) Player740 left the game
[01:31:21] [Server thread/INFO] (Minecraft) Stopping singleplayer server as player logged out
[01:31:21] [Server thread/INFO] (Minecraft) Stopping server
[01:31:21] [Server thread/INFO] (Minecraft) Saving players
[01:31:21] [Server thread/INFO] (Minecraft) Saving worlds
[01:31:21] [Server thread/INFO] (Minecraft) Saving chunks for level 'ServerLevel[New World]'/minecraft:overworld
[01:31:21] [Server thread/INFO] (Minecraft) Saving chunks for level 'ServerLevel[New World]'/minecraft:the_nether
[01:31:21] [Server thread/INFO] (Minecraft) Saving chunks for level 'ServerLevel[New World]'/minecraft:the_end
[01:31:21] [Server thread/INFO] (Minecraft) ThreadedAnvilChunkStorage (New World): All chunks are saved
[01:31:21] [Server thread/INFO] (Minecraft) ThreadedAnvilChunkStorage (DIM-1): All chunks are saved
[01:31:21] [Server thread/INFO] (Minecraft) ThreadedAnvilChunkStorage (DIM1): All chunks are saved
[01:31:21] [Server thread/INFO] (Minecraft) ThreadedAnvilChunkStorage: All dimensions are saved
[01:31:22] [Render thread/INFO] (fabric-screen-api-v1) Stopping!
